2025-03-14 14:40:12,485   INFO  **********************Start logging**********************
2025-03-14 14:40:12,485   INFO  CUDA_VISIBLE_DEVICES=ALL
2025-03-14 14:40:12,486   INFO  Training with a single process
2025-03-14 14:40:12,486   INFO  cfg_file         cfgs/kitti_models/pointpillar.yaml
2025-03-14 14:40:12,486   INFO  batch_size       4
2025-03-14 14:40:12,487   INFO  epochs           10
2025-03-14 14:40:12,487   INFO  workers          4
2025-03-14 14:40:12,487   INFO  extra_tag        default
2025-03-14 14:40:12,487   INFO  ckpt             None
2025-03-14 14:40:12,487   INFO  pretrained_model None
2025-03-14 14:40:12,488   INFO  launcher         none
2025-03-14 14:40:12,488   INFO  tcp_port         18888
2025-03-14 14:40:12,488   INFO  sync_bn          False
2025-03-14 14:40:12,488   INFO  fix_random_seed  False
2025-03-14 14:40:12,489   INFO  ckpt_save_interval 1
2025-03-14 14:40:12,489   INFO  local_rank       None
2025-03-14 14:40:12,489   INFO  max_ckpt_save_num 30
2025-03-14 14:40:12,489   INFO  merge_all_iters_to_one_epoch False
2025-03-14 14:40:12,489   INFO  set_cfgs         None
2025-03-14 14:40:12,489   INFO  max_waiting_mins 0
2025-03-14 14:40:12,489   INFO  start_epoch      0
2025-03-14 14:40:12,490   INFO  num_epochs_to_eval 0
2025-03-14 14:40:12,490   INFO  save_to_file     False
2025-03-14 14:40:12,490   INFO  use_tqdm_to_record False
2025-03-14 14:40:12,490   INFO  logger_iter_interval 50
2025-03-14 14:40:12,490   INFO  ckpt_save_time_interval 300
2025-03-14 14:40:12,490   INFO  wo_gpu_stat      False
2025-03-14 14:40:12,491   INFO  use_amp          False
2025-03-14 14:40:12,491   INFO  cfg.ROOT_DIR: /mnt/e/Projects/pycharm/zhongkeyuan/OpenPCDet-master
2025-03-14 14:40:12,491   INFO  cfg.LOCAL_RANK: 0
2025-03-14 14:40:12,491   INFO  cfg.CLASS_NAMES: ['Car', 'Pedestrian', 'Cyclist']
2025-03-14 14:40:12,491   INFO  ----------- DATA_CONFIG -----------
2025-03-14 14:40:12,491   INFO  cfg.DATA_CONFIG.DATASET: KittiDataset
2025-03-14 14:40:12,492   INFO  cfg.DATA_CONFIG.DATA_PATH: ../data/kitti
2025-03-14 14:40:12,492   INFO  cfg.DATA_CONFIG.POINT_CLOUD_RANGE: [0, -39.68, -3, 69.12, 39.68, 1]
2025-03-14 14:40:12,492   INFO  ----------- DATA_SPLIT -----------
2025-03-14 14:40:12,493   INFO  cfg.DATA_CONFIG.DATA_SPLIT.train: train
2025-03-14 14:40:12,493   INFO  cfg.DATA_CONFIG.DATA_SPLIT.test: val
2025-03-14 14:40:12,493   INFO  ----------- INFO_PATH -----------
2025-03-14 14:40:12,493   INFO  cfg.DATA_CONFIG.INFO_PATH.train: ['kitti_infos_train.pkl']
2025-03-14 14:40:12,493   INFO  cfg.DATA_CONFIG.INFO_PATH.test: ['kitti_infos_val.pkl']
2025-03-14 14:40:12,494   INFO  cfg.DATA_CONFIG.GET_ITEM_LIST: ['points']
2025-03-14 14:40:12,494   INFO  cfg.DATA_CONFIG.FOV_POINTS_ONLY: True
2025-03-14 14:40:12,494   INFO  ----------- DATA_AUGMENTOR -----------
2025-03-14 14:40:12,494   INFO  cfg.DATA_CONFIG.DATA_AUGMENTOR.DISABLE_AUG_LIST: ['placeholder']
2025-03-14 14:40:12,495   INFO  cfg.DATA_CONFIG.DATA_AUGMENTOR.AUG_CONFIG_LIST: [{'NAME': 'gt_sampling', 'USE_ROAD_PLANE': False, 'DB_INFO_PATH': ['kitti_dbinfos_train.pkl'], 'PREPARE': {'filter_by_min_points': ['Car:5', 'Pedestrian:5', 'Cyclist:5'], 'filter_by_difficulty': [-1]}, 'SAMPLE_GROUPS': ['Car:15', 'Pedestrian:15', 'Cyclist:15'], 'NUM_POINT_FEATURES': 4, 'DATABASE_WITH_FAKELIDAR': False, 'REMOVE_EXTRA_WIDTH': [0.0, 0.0, 0.0], 'LIMIT_WHOLE_SCENE': False}, {'NAME': 'random_world_flip', 'ALONG_AXIS_LIST': ['x']}, {'NAME': 'random_world_rotation', 'WORLD_ROT_ANGLE': [-0.78539816, 0.78539816]}, {'NAME': 'random_world_scaling', 'WORLD_SCALE_RANGE': [0.95, 1.05]}]
2025-03-14 14:40:12,495   INFO  ----------- POINT_FEATURE_ENCODING -----------
2025-03-14 14:40:12,495   INFO  cfg.DATA_CONFIG.POINT_FEATURE_ENCODING.encoding_type: absolute_coordinates_encoding
2025-03-14 14:40:12,495   INFO  cfg.DATA_CONFIG.POINT_FEATURE_ENCODING.used_feature_list: ['x', 'y', 'z', 'intensity']
2025-03-14 14:40:12,495   INFO  cfg.DATA_CONFIG.POINT_FEATURE_ENCODING.src_feature_list: ['x', 'y', 'z', 'intensity']
2025-03-14 14:40:12,496   INFO  cfg.DATA_CONFIG.DATA_PROCESSOR: [{'NAME': 'mask_points_and_boxes_outside_range', 'REMOVE_OUTSIDE_BOXES': True}, {'NAME': 'shuffle_points', 'SHUFFLE_ENABLED': {'train': True, 'test': False}}, {'NAME': 'transform_points_to_voxels', 'VOXEL_SIZE': [0.16, 0.16, 4], 'MAX_POINTS_PER_VOXEL': 32, 'MAX_NUMBER_OF_VOXELS': {'train': 16000, 'test': 40000}}]
2025-03-14 14:40:12,496   INFO  cfg.DATA_CONFIG._BASE_CONFIG_: cfgs/dataset_configs/kitti_dataset.yaml
2025-03-14 14:40:12,496   INFO  ----------- MODEL -----------
2025-03-14 14:40:12,497   INFO  cfg.MODEL.NAME: PointPillar
2025-03-14 14:40:12,497   INFO  ----------- VFE -----------
2025-03-14 14:40:12,497   INFO  cfg.MODEL.VFE.NAME: PillarVFE
2025-03-14 14:40:12,497   INFO  cfg.MODEL.VFE.WITH_DISTANCE: False
2025-03-14 14:40:12,498   INFO  cfg.MODEL.VFE.USE_ABSLOTE_XYZ: True
2025-03-14 14:40:12,498   INFO  cfg.MODEL.VFE.USE_NORM: True
2025-03-14 14:40:12,499   INFO  cfg.MODEL.VFE.NUM_FILTERS: [64]
2025-03-14 14:40:12,499   INFO  ----------- MAP_TO_BEV -----------
2025-03-14 14:40:12,499   INFO  cfg.MODEL.MAP_TO_BEV.NAME: PointPillarScatter
2025-03-14 14:40:12,499   INFO  cfg.MODEL.MAP_TO_BEV.NUM_BEV_FEATURES: 64
2025-03-14 14:40:12,500   INFO  ----------- BACKBONE_2D -----------
2025-03-14 14:40:12,500   INFO  cfg.MODEL.BACKBONE_2D.NAME: BaseBEVBackbone
2025-03-14 14:40:12,500   INFO  cfg.MODEL.BACKBONE_2D.LAYER_NUMS: [3, 5, 5]
2025-03-14 14:40:12,500   INFO  cfg.MODEL.BACKBONE_2D.LAYER_STRIDES: [2, 2, 2]
2025-03-14 14:40:12,501   INFO  cfg.MODEL.BACKBONE_2D.NUM_FILTERS: [64, 128, 256]
2025-03-14 14:40:12,501   INFO  cfg.MODEL.BACKBONE_2D.UPSAMPLE_STRIDES: [1, 2, 4]
2025-03-14 14:40:12,501   INFO  cfg.MODEL.BACKBONE_2D.NUM_UPSAMPLE_FILTERS: [128, 128, 128]
2025-03-14 14:40:12,501   INFO  ----------- DENSE_HEAD -----------
2025-03-14 14:40:12,502   INFO  cfg.MODEL.DENSE_HEAD.NAME: AnchorHeadSingle
2025-03-14 14:40:12,502   INFO  cfg.MODEL.DENSE_HEAD.CLASS_AGNOSTIC: False
2025-03-14 14:40:12,502   INFO  cfg.MODEL.DENSE_HEAD.USE_DIRECTION_CLASSIFIER: True
2025-03-14 14:40:12,502   INFO  cfg.MODEL.DENSE_HEAD.DIR_OFFSET: 0.78539
2025-03-14 14:40:12,502   INFO  cfg.MODEL.DENSE_HEAD.DIR_LIMIT_OFFSET: 0.0
2025-03-14 14:40:12,503   INFO  cfg.MODEL.DENSE_HEAD.NUM_DIR_BINS: 2
2025-03-14 14:40:12,503   INFO  cfg.MODEL.DENSE_HEAD.ANCHOR_GENERATOR_CONFIG: [{'class_name': 'Car', 'anchor_sizes': [[3.9, 1.6, 1.56]], 'anchor_rotations': [0, 1.57], 'anchor_bottom_heights': [-1.78], 'align_center': False, 'feature_map_stride': 2, 'matched_threshold': 0.6, 'unmatched_threshold': 0.45}, {'class_name': 'Pedestrian', 'anchor_sizes': [[0.8, 0.6, 1.73]], 'anchor_rotations': [0, 1.57], 'anchor_bottom_heights': [-0.6], 'align_center': False, 'feature_map_stride': 2, 'matched_threshold': 0.5, 'unmatched_threshold': 0.35}, {'class_name': 'Cyclist', 'anchor_sizes': [[1.76, 0.6, 1.73]], 'anchor_rotations': [0, 1.57], 'anchor_bottom_heights': [-0.6], 'align_center': False, 'feature_map_stride': 2, 'matched_threshold': 0.5, 'unmatched_threshold': 0.35}]
2025-03-14 14:40:12,503   INFO  ----------- TARGET_ASSIGNER_CONFIG -----------
2025-03-14 14:40:12,503   INFO  cfg.MODEL.DENSE_HEAD.TARGET_ASSIGNER_CONFIG.NAME: AxisAlignedTargetAssigner
2025-03-14 14:40:12,504   INFO  cfg.MODEL.DENSE_HEAD.TARGET_ASSIGNER_CONFIG.POS_FRACTION: -1.0
2025-03-14 14:40:12,504   INFO  cfg.MODEL.DENSE_HEAD.TARGET_ASSIGNER_CONFIG.SAMPLE_SIZE: 512
2025-03-14 14:40:12,504   INFO  cfg.MODEL.DENSE_HEAD.TARGET_ASSIGNER_CONFIG.NORM_BY_NUM_EXAMPLES: False
2025-03-14 14:40:12,504   INFO  cfg.MODEL.DENSE_HEAD.TARGET_ASSIGNER_CONFIG.MATCH_HEIGHT: False
2025-03-14 14:40:12,505   INFO  cfg.MODEL.DENSE_HEAD.TARGET_ASSIGNER_CONFIG.BOX_CODER: ResidualCoder
2025-03-14 14:40:12,505   INFO  ----------- LOSS_CONFIG -----------
2025-03-14 14:40:12,505   INFO  ----------- LOSS_WEIGHTS -----------
2025-03-14 14:40:12,506   INFO  cfg.MODEL.DENSE_HEAD.LOSS_CONFIG.LOSS_WEIGHTS.cls_weight: 1.0
2025-03-14 14:40:12,506   INFO  cfg.MODEL.DENSE_HEAD.LOSS_CONFIG.LOSS_WEIGHTS.loc_weight: 2.0
2025-03-14 14:40:12,506   INFO  cfg.MODEL.DENSE_HEAD.LOSS_CONFIG.LOSS_WEIGHTS.dir_weight: 0.2
2025-03-14 14:40:12,506   INFO  cfg.MODEL.DENSE_HEAD.LOSS_CONFIG.LOSS_WEIGHTS.code_weights: [1.0, 1.0, 1.0, 1.0, 1.0, 1.0, 1.0]
2025-03-14 14:40:12,506   INFO  ----------- POST_PROCESSING -----------
2025-03-14 14:40:12,507   INFO  cfg.MODEL.POST_PROCESSING.RECALL_THRESH_LIST: [0.3, 0.5, 0.7]
2025-03-14 14:40:12,507   INFO  cfg.MODEL.POST_PROCESSING.SCORE_THRESH: 0.1
2025-03-14 14:40:12,507   INFO  cfg.MODEL.POST_PROCESSING.OUTPUT_RAW_SCORE: False
2025-03-14 14:40:12,507   INFO  cfg.MODEL.POST_PROCESSING.EVAL_METRIC: kitti
2025-03-14 14:40:12,508   INFO  ----------- NMS_CONFIG -----------
2025-03-14 14:40:12,508   INFO  cfg.MODEL.POST_PROCESSING.NMS_CONFIG.MULTI_CLASSES_NMS: False
2025-03-14 14:40:12,508   INFO  cfg.MODEL.POST_PROCESSING.NMS_CONFIG.NMS_TYPE: nms_gpu
2025-03-14 14:40:12,508   INFO  cfg.MODEL.POST_PROCESSING.NMS_CONFIG.NMS_THRESH: 0.01
2025-03-14 14:40:12,508   INFO  cfg.MODEL.POST_PROCESSING.NMS_CONFIG.NMS_PRE_MAXSIZE: 4096
2025-03-14 14:40:12,509   INFO  cfg.MODEL.POST_PROCESSING.NMS_CONFIG.NMS_POST_MAXSIZE: 500
2025-03-14 14:40:12,509   INFO  ----------- OPTIMIZATION -----------
2025-03-14 14:40:12,509   INFO  cfg.OPTIMIZATION.BATCH_SIZE_PER_GPU: 4
2025-03-14 14:40:12,509   INFO  cfg.OPTIMIZATION.NUM_EPOCHS: 80
2025-03-14 14:40:12,509   INFO  cfg.OPTIMIZATION.OPTIMIZER: adam_onecycle
2025-03-14 14:40:12,510   INFO  cfg.OPTIMIZATION.LR: 0.003
2025-03-14 14:40:12,510   INFO  cfg.OPTIMIZATION.WEIGHT_DECAY: 0.01
2025-03-14 14:40:12,510   INFO  cfg.OPTIMIZATION.MOMENTUM: 0.9
2025-03-14 14:40:12,511   INFO  cfg.OPTIMIZATION.MOMS: [0.95, 0.85]
2025-03-14 14:40:12,511   INFO  cfg.OPTIMIZATION.PCT_START: 0.4
2025-03-14 14:40:12,511   INFO  cfg.OPTIMIZATION.DIV_FACTOR: 10
2025-03-14 14:40:12,511   INFO  cfg.OPTIMIZATION.DECAY_STEP_LIST: [35, 45]
2025-03-14 14:40:12,512   INFO  cfg.OPTIMIZATION.LR_DECAY: 0.1
2025-03-14 14:40:12,512   INFO  cfg.OPTIMIZATION.LR_CLIP: 1e-07
2025-03-14 14:40:12,512   INFO  cfg.OPTIMIZATION.LR_WARMUP: False
2025-03-14 14:40:12,513   INFO  cfg.OPTIMIZATION.WARMUP_EPOCH: 1
2025-03-14 14:40:12,513   INFO  cfg.OPTIMIZATION.GRAD_NORM_CLIP: 10
2025-03-14 14:40:12,513   INFO  cfg.TAG: pointpillar
2025-03-14 14:40:12,514   INFO  cfg.EXP_GROUP_PATH: kitti_models
2025-03-14 14:40:12,527   INFO  ----------- Create dataloader & network & optimizer -----------
2025-03-14 14:40:12,686   INFO  Database filter by min points Car: 14357 => 13532
2025-03-14 14:40:12,686   INFO  Database filter by min points Pedestrian: 2207 => 2168
2025-03-14 14:40:12,687   INFO  Database filter by min points Cyclist: 734 => 705
2025-03-14 14:40:12,696   INFO  Database filter by difficulty Car: 13532 => 10759
2025-03-14 14:40:12,698   INFO  Database filter by difficulty Pedestrian: 2168 => 2075
2025-03-14 14:40:12,699   INFO  Database filter by difficulty Cyclist: 705 => 581
2025-03-14 14:40:12,711   INFO  Loading KITTI dataset
2025-03-14 14:40:12,860   INFO  Total samples for KITTI dataset: 3712
2025-03-14 14:40:15,058   INFO  ----------- Model PointPillar created, param count: 4834888 -----------
2025-03-14 14:40:15,059   INFO  PointPillar(
  (vfe): PillarVFE(
    (pfn_layers): ModuleList(
      (0): PFNLayer(
        (linear): Linear(in_features=10, out_features=64, bias=False)
        (norm): BatchNorm1d(64, eps=0.001, momentum=0.01, affine=True, track_running_stats=True)
      )
    )
  )
  (backbone_3d): None
  (map_to_bev_module): PointPillarScatter()
  (pfe): None
  (backbone_2d): BaseBEVBackbone(
    (blocks): ModuleList(
      (0): Sequential(
        (0): ZeroPad2d((1, 1, 1, 1))
        (1): Conv2d(64, 64, kernel_size=(3, 3), stride=(2, 2), bias=False)
        (2): BatchNorm2d(64, eps=0.001, momentum=0.01, affine=True, track_running_stats=True)
        (3): ReLU()
        (4): Conv2d(64, 64, kernel_size=(3, 3), stride=(1, 1), padding=(1, 1), bias=False)
        (5): BatchNorm2d(64, eps=0.001, momentum=0.01, affine=True, track_running_stats=True)
        (6): ReLU()
        (7): Conv2d(64, 64, kernel_size=(3, 3), stride=(1, 1), padding=(1, 1), bias=False)
        (8): BatchNorm2d(64, eps=0.001, momentum=0.01, affine=True, track_running_stats=True)
        (9): ReLU()
        (10): Conv2d(64, 64, kernel_size=(3, 3), stride=(1, 1), padding=(1, 1), bias=False)
        (11): BatchNorm2d(64, eps=0.001, momentum=0.01, affine=True, track_running_stats=True)
        (12): ReLU()
      )
      (1): Sequential(
        (0): ZeroPad2d((1, 1, 1, 1))
        (1): Conv2d(64, 128, kernel_size=(3, 3), stride=(2, 2), bias=False)
        (2): BatchNorm2d(128, eps=0.001, momentum=0.01, affine=True, track_running_stats=True)
        (3): ReLU()
        (4): Conv2d(128, 128, kernel_size=(3, 3), stride=(1, 1), padding=(1, 1), bias=False)
        (5): BatchNorm2d(128, eps=0.001, momentum=0.01, affine=True, track_running_stats=True)
        (6): ReLU()
        (7): Conv2d(128, 128, kernel_size=(3, 3), stride=(1, 1), padding=(1, 1), bias=False)
        (8): BatchNorm2d(128, eps=0.001, momentum=0.01, affine=True, track_running_stats=True)
        (9): ReLU()
        (10): Conv2d(128, 128, kernel_size=(3, 3), stride=(1, 1), padding=(1, 1), bias=False)
        (11): BatchNorm2d(128, eps=0.001, momentum=0.01, affine=True, track_running_stats=True)
        (12): ReLU()
        (13): Conv2d(128, 128, kernel_size=(3, 3), stride=(1, 1), padding=(1, 1), bias=False)
        (14): BatchNorm2d(128, eps=0.001, momentum=0.01, affine=True, track_running_stats=True)
        (15): ReLU()
        (16): Conv2d(128, 128, kernel_size=(3, 3), stride=(1, 1), padding=(1, 1), bias=False)
        (17): BatchNorm2d(128, eps=0.001, momentum=0.01, affine=True, track_running_stats=True)
        (18): ReLU()
      )
      (2): Sequential(
        (0): ZeroPad2d((1, 1, 1, 1))
        (1): Conv2d(128, 256, kernel_size=(3, 3), stride=(2, 2), bias=False)
        (2): BatchNorm2d(256, eps=0.001, momentum=0.01, affine=True, track_running_stats=True)
        (3): ReLU()
        (4): Conv2d(256, 256, kernel_size=(3, 3), stride=(1, 1), padding=(1, 1), bias=False)
        (5): BatchNorm2d(256, eps=0.001, momentum=0.01, affine=True, track_running_stats=True)
        (6): ReLU()
        (7): Conv2d(256, 256, kernel_size=(3, 3), stride=(1, 1), padding=(1, 1), bias=False)
        (8): BatchNorm2d(256, eps=0.001, momentum=0.01, affine=True, track_running_stats=True)
        (9): ReLU()
        (10): Conv2d(256, 256, kernel_size=(3, 3), stride=(1, 1), padding=(1, 1), bias=False)
        (11): BatchNorm2d(256, eps=0.001, momentum=0.01, affine=True, track_running_stats=True)
        (12): ReLU()
        (13): Conv2d(256, 256, kernel_size=(3, 3), stride=(1, 1), padding=(1, 1), bias=False)
        (14): BatchNorm2d(256, eps=0.001, momentum=0.01, affine=True, track_running_stats=True)
        (15): ReLU()
        (16): Conv2d(256, 256, kernel_size=(3, 3), stride=(1, 1), padding=(1, 1), bias=False)
        (17): BatchNorm2d(256, eps=0.001, momentum=0.01, affine=True, track_running_stats=True)
        (18): ReLU()
      )
    )
    (deblocks): ModuleList(
      (0): Sequential(
        (0): ConvTranspose2d(64, 128, kernel_size=(1, 1), stride=(1, 1), bias=False)
        (1): BatchNorm2d(128, eps=0.001, momentum=0.01, affine=True, track_running_stats=True)
        (2): ReLU()
      )
      (1): Sequential(
        (0): ConvTranspose2d(128, 128, kernel_size=(2, 2), stride=(2, 2), bias=False)
        (1): BatchNorm2d(128, eps=0.001, momentum=0.01, affine=True, track_running_stats=True)
        (2): ReLU()
      )
      (2): Sequential(
        (0): ConvTranspose2d(256, 128, kernel_size=(4, 4), stride=(4, 4), bias=False)
        (1): BatchNorm2d(128, eps=0.001, momentum=0.01, affine=True, track_running_stats=True)
        (2): ReLU()
      )
    )
  )
  (dense_head): AnchorHeadSingle(
    (cls_loss_func): SigmoidFocalClassificationLoss()
    (reg_loss_func): WeightedSmoothL1Loss()
    (dir_loss_func): WeightedCrossEntropyLoss()
    (conv_cls): Conv2d(384, 18, kernel_size=(1, 1), stride=(1, 1))
    (conv_box): Conv2d(384, 42, kernel_size=(1, 1), stride=(1, 1))
    (conv_dir_cls): Conv2d(384, 12, kernel_size=(1, 1), stride=(1, 1))
  )
  (point_head): None
  (roi_head): None
)
2025-03-14 14:40:15,060   INFO  **********************Start training kitti_models/pointpillar(default)**********************
2025-03-14 14:40:17,558   INFO  Train:    1/10 ( 10%) [   0/928 (  0%)]  Loss: 3.092 (3.09)  LR: 3.000e-04  Time cost: 00:02/35:39 [00:02/5:56:31]  Acc_iter 1           Data time: 0.86(0.86)  Forward time: 1.44(1.44)  Batch time: 2.30(2.30)
2025-03-14 14:40:32,509   INFO  Train:    1/10 ( 10%) [  49/928 (  5%)]  Loss: 2.290 (2.12)  LR: 3.012e-04  Time cost: 00:17/05:03 [00:17/53:05]  Acc_iter 50          Data time: 0.01(0.03)  Forward time: 0.27(0.31)  Batch time: 0.28(0.34)
2025-03-14 14:40:47,615   INFO  Train:    1/10 ( 10%) [  99/928 ( 11%)]  Loss: 1.418 (1.89)  LR: 3.047e-04  Time cost: 00:32/04:28 [00:32/49:31]  Acc_iter 100         Data time: 0.01(0.02)  Forward time: 0.31(0.30)  Batch time: 0.33(0.32)
2025-03-14 14:41:02,792   INFO  Train:    1/10 ( 10%) [ 149/928 ( 16%)]  Loss: 1.503 (1.75)  LR: 3.107e-04  Time cost: 00:47/04:06 [00:47/48:13]  Acc_iter 150         Data time: 0.02(0.02)  Forward time: 0.27(0.30)  Batch time: 0.29(0.32)
2025-03-14 14:41:02,794   INFO  
2025-03-14 14:41:17,574   INFO  Train:    1/10 ( 10%) [ 199/928 ( 21%)]  Loss: 1.310 (1.65)  LR: 3.191e-04  Time cost: 01:02/03:47 [01:02/47:09]  Acc_iter 200         Data time: 0.02(0.02)  Forward time: 0.27(0.29)  Batch time: 0.29(0.31)
2025-03-14 14:41:32,365   INFO  Train:    1/10 ( 10%) [ 249/928 ( 27%)]  Loss: 1.251 (1.58)  LR: 3.299e-04  Time cost: 01:17/03:29 [01:17/46:25]  Acc_iter 250         Data time: 0.02(0.02)  Forward time: 0.27(0.29)  Batch time: 0.29(0.31)
2025-03-14 14:41:47,136   INFO  Train:    1/10 ( 10%) [ 299/928 ( 32%)]  Loss: 1.346 (1.53)  LR: 3.430e-04  Time cost: 01:31/03:12 [01:32/45:50]  Acc_iter 300         Data time: 0.02(0.02)  Forward time: 0.28(0.29)  Batch time: 0.30(0.31)
2025-03-14 14:41:47,138   INFO  
2025-03-14 14:42:02,055   INFO  Train:    1/10 ( 10%) [ 349/928 ( 38%)]  Loss: 1.154 (1.48)  LR: 3.585e-04  Time cost: 01:46/02:56 [01:46/45:25]  Acc_iter 350         Data time: 0.01(0.02)  Forward time: 0.28(0.29)  Batch time: 0.30(0.31)
2025-03-14 14:42:16,369   INFO  Train:    1/10 ( 10%) [ 399/928 ( 43%)]  Loss: 1.119 (1.45)  LR: 3.762e-04  Time cost: 02:01/02:40 [02:01/44:49]  Acc_iter 400         Data time: 0.01(0.02)  Forward time: 0.27(0.29)  Batch time: 0.29(0.30)
2025-03-14 14:42:31,032   INFO  Train:    1/10 ( 10%) [ 449/928 ( 48%)]  Loss: 1.079 (1.41)  LR: 3.963e-04  Time cost: 02:15/02:24 [02:15/44:24]  Acc_iter 450         Data time: 0.01(0.02)  Forward time: 0.29(0.29)  Batch time: 0.31(0.30)
2025-03-14 14:42:31,034   INFO  
2025-03-14 14:42:45,943   INFO  Train:    1/10 ( 10%) [ 499/928 ( 54%)]  Loss: 1.124 (1.39)  LR: 4.186e-04  Time cost: 02:30/02:09 [02:30/44:06]  Acc_iter 500         Data time: 0.02(0.02)  Forward time: 0.32(0.29)  Batch time: 0.34(0.30)
2025-03-14 14:43:01,066   INFO  Train:    1/10 ( 10%) [ 549/928 ( 59%)]  Loss: 1.193 (1.36)  LR: 4.431e-04  Time cost: 02:45/01:54 [02:46/43:52]  Acc_iter 550         Data time: 0.02(0.02)  Forward time: 0.28(0.29)  Batch time: 0.29(0.30)
2025-03-14 14:43:16,615   INFO  Train:    1/10 ( 10%) [ 599/928 ( 65%)]  Loss: 1.056 (1.34)  LR: 4.698e-04  Time cost: 03:01/01:39 [03:01/43:44]  Acc_iter 600         Data time: 0.01(0.02)  Forward time: 0.27(0.29)  Batch time: 0.29(0.30)
2025-03-14 14:43:16,618   INFO  
2025-03-14 14:43:31,802   INFO  Train:    1/10 ( 10%) [ 649/928 ( 70%)]  Loss: 1.001 (1.32)  LR: 4.986e-04  Time cost: 03:16/01:24 [03:16/43:29]  Acc_iter 650         Data time: 0.02(0.02)  Forward time: 0.27(0.29)  Batch time: 0.29(0.30)
2025-03-14 14:43:46,484   INFO  Train:    1/10 ( 10%) [ 699/928 ( 75%)]  Loss: 1.078 (1.31)  LR: 5.294e-04  Time cost: 03:31/01:09 [03:31/43:09]  Acc_iter 700         Data time: 0.01(0.02)  Forward time: 0.29(0.29)  Batch time: 0.31(0.30)
2025-03-14 14:44:01,219   INFO  Train:    1/10 ( 10%) [ 749/928 ( 81%)]  Loss: 1.003 (1.29)  LR: 5.623e-04  Time cost: 03:45/00:53 [03:46/42:50]  Acc_iter 750         Data time: 0.02(0.02)  Forward time: 0.27(0.29)  Batch time: 0.29(0.30)
2025-03-14 14:44:01,221   INFO  
2025-03-14 14:44:15,995   INFO  Train:    1/10 ( 10%) [ 799/928 ( 86%)]  Loss: 1.073 (1.27)  LR: 5.971e-04  Time cost: 04:00/00:38 [04:00/42:32]  Acc_iter 800         Data time: 0.01(0.02)  Forward time: 0.28(0.29)  Batch time: 0.29(0.30)
2025-03-14 14:44:30,581   INFO  Train:    1/10 ( 10%) [ 849/928 ( 91%)]  Loss: 1.058 (1.26)  LR: 6.338e-04  Time cost: 04:15/00:23 [04:15/42:12]  Acc_iter 850         Data time: 0.01(0.02)  Forward time: 0.26(0.29)  Batch time: 0.28(0.30)
2025-03-14 14:44:45,267   INFO  Train:    1/10 ( 10%) [ 899/928 ( 97%)]  Loss: 1.060 (1.25)  LR: 6.723e-04  Time cost: 04:30/00:08 [04:30/41:54]  Acc_iter 900         Data time: 0.02(0.02)  Forward time: 0.29(0.28)  Batch time: 0.31(0.30)
2025-03-14 14:44:45,269   INFO  
2025-03-14 14:44:53,324   INFO  Train:    1/10 ( 10%) [ 927/928 (100%)]  Loss: 1.079 (1.24)  LR: 6.946e-04  Time cost: 04:38/00:00 [04:38/41:42]  Acc_iter 928         Data time: 0.01(0.02)  Forward time: 0.27(0.28)  Batch time: 0.28(0.30)
2025-03-14 14:44:54,706   INFO  Train:    2/10 ( 20%) [   0/928 (  0%)]  Loss: 1.115 (1.11)  LR: 6.954e-04  Time cost: 00:00/13:37 [04:39/2:02:38]  Acc_iter 929         Data time: 0.56(0.56)  Forward time: 0.30(0.30)  Batch time: 0.87(0.87)
2025-03-14 14:45:00,894   INFO  Train:    2/10 ( 20%) [  21/928 (  2%)]  Loss: 0.9392 (0.982)  LR: 7.125e-04  Time cost: 00:07/04:51 [04:45/44:36]  Acc_iter 950         Data time: 0.00(0.04)  Forward time: 0.28(0.28)  Batch time: 0.29(0.32)
2025-03-14 14:45:15,158   INFO  Train:    2/10 ( 20%) [  71/928 (  8%)]  Loss: 1.011 (1.01)  LR: 7.545e-04  Time cost: 00:21/04:13 [05:00/40:53]  Acc_iter 1000        Data time: 0.01(0.02)  Forward time: 0.28(0.27)  Batch time: 0.29(0.30)
2025-03-14 14:45:29,490   INFO  Train:    2/10 ( 20%) [ 121/928 ( 13%)]  Loss: 0.9282 (1.02)  LR: 7.980e-04  Time cost: 00:35/03:55 [05:14/40:06]  Acc_iter 1050        Data time: 0.02(0.02)  Forward time: 0.27(0.27)  Batch time: 0.29(0.29)
2025-03-14 14:45:29,492   INFO  
2025-03-14 14:45:43,788   INFO  Train:    2/10 ( 20%) [ 171/928 ( 18%)]  Loss: 1.100 (1.01)  LR: 8.431e-04  Time cost: 00:49/03:39 [05:28/39:36]  Acc_iter 1100        Data time: 0.02(0.02)  Forward time: 0.27(0.27)  Batch time: 0.29(0.29)
2025-03-14 14:45:58,546   INFO  Train:    2/10 ( 20%) [ 221/928 ( 24%)]  Loss: 0.9200 (1.00)  LR: 8.896e-04  Time cost: 01:04/03:26 [05:43/39:30]  Acc_iter 1150        Data time: 0.02(0.02)  Forward time: 0.27(0.27)  Batch time: 0.29(0.29)
2025-03-14 14:46:14,283   INFO  Train:    2/10 ( 20%) [ 271/928 ( 29%)]  Loss: 0.9472 (0.996)  LR: 9.374e-04  Time cost: 01:20/03:14 [05:59/39:50]  Acc_iter 1200        Data time: 0.01(0.02)  Forward time: 0.27(0.28)  Batch time: 0.28(0.30)
2025-03-14 14:46:14,285   INFO  
2025-03-14 14:46:29,267   INFO  Train:    2/10 ( 20%) [ 321/928 ( 35%)]  Loss: 0.9937 (0.994)  LR: 9.866e-04  Time cost: 01:35/02:59 [06:14/39:40]  Acc_iter 1250        Data time: 0.01(0.02)  Forward time: 0.31(0.28)  Batch time: 0.33(0.30)
2025-03-14 14:46:44,486   INFO  Train:    2/10 ( 20%) [ 371/928 ( 40%)]  Loss: 1.114 (0.988)  LR: 1.037e-03  Time cost: 01:50/02:45 [06:29/39:34]  Acc_iter 1300        Data time: 0.02(0.02)  Forward time: 0.29(0.28)  Batch time: 0.30(0.30)
2025-03-14 14:46:58,978   INFO  Train:    2/10 ( 20%) [ 421/928 ( 45%)]  Loss: 1.152 (0.986)  LR: 1.088e-03  Time cost: 02:05/02:30 [06:43/39:12]  Acc_iter 1350        Data time: 0.02(0.02)  Forward time: 0.27(0.28)  Batch time: 0.28(0.30)
2025-03-14 14:46:58,980   INFO  
2025-03-14 14:47:14,073   INFO  Train:    2/10 ( 20%) [ 471/928 ( 51%)]  Loss: 0.9079 (0.985)  LR: 1.141e-03  Time cost: 02:20/02:15 [06:59/39:01]  Acc_iter 1400        Data time: 0.01(0.02)  Forward time: 0.29(0.28)  Batch time: 0.31(0.30)
2025-03-14 14:47:29,870   INFO  Train:    2/10 ( 20%) [ 521/928 ( 56%)]  Loss: 0.8479 (0.982)  LR: 1.194e-03  Time cost: 02:36/02:01 [07:14/39:00]  Acc_iter 1450        Data time: 0.01(0.02)  Forward time: 0.29(0.28)  Batch time: 0.30(0.30)
2025-03-14 14:47:44,768   INFO  Train:    2/10 ( 20%) [ 571/928 ( 62%)]  Loss: 0.9372 (0.980)  LR: 1.248e-03  Time cost: 02:50/01:46 [07:29/38:45]  Acc_iter 1500        Data time: 0.01(0.02)  Forward time: 0.28(0.28)  Batch time: 0.30(0.30)
2025-03-14 14:47:44,770   INFO  
2025-03-14 14:47:59,077   INFO  Train:    2/10 ( 20%) [ 621/928 ( 67%)]  Loss: 0.9056 (0.978)  LR: 1.303e-03  Time cost: 03:05/01:31 [07:44/38:22]  Acc_iter 1550        Data time: 0.01(0.02)  Forward time: 0.28(0.28)  Batch time: 0.30(0.30)
2025-03-14 14:48:13,508   INFO  Train:    2/10 ( 20%) [ 671/928 ( 72%)]  Loss: 0.8837 (0.976)  LR: 1.359e-03  Time cost: 03:19/01:16 [07:58/38:02]  Acc_iter 1600        Data time: 0.01(0.01)  Forward time: 0.27(0.28)  Batch time: 0.28(0.30)
2025-03-14 14:48:28,177   INFO  Train:    2/10 ( 20%) [ 721/928 ( 78%)]  Loss: 0.9081 (0.974)  LR: 1.415e-03  Time cost: 03:34/01:01 [08:13/37:45]  Acc_iter 1650        Data time: 0.02(0.01)  Forward time: 0.30(0.28)  Batch time: 0.32(0.30)
2025-03-14 14:48:28,179   INFO  
2025-03-14 14:48:43,178   INFO  Train:    2/10 ( 20%) [ 771/928 ( 83%)]  Loss: 0.8554 (0.971)  LR: 1.471e-03  Time cost: 03:49/00:46 [08:28/37:32]  Acc_iter 1700        Data time: 0.01(0.01)  Forward time: 0.28(0.28)  Batch time: 0.29(0.30)
2025-03-14 14:48:57,800   INFO  Train:    2/10 ( 20%) [ 821/928 ( 88%)]  Loss: 1.002 (0.968)  LR: 1.528e-03  Time cost: 04:03/00:31 [08:42/37:15]  Acc_iter 1750        Data time: 0.01(0.01)  Forward time: 0.28(0.28)  Batch time: 0.29(0.30)
2025-03-14 14:49:12,225   INFO  Train:    2/10 ( 20%) [ 871/928 ( 94%)]  Loss: 0.8504 (0.964)  LR: 1.585e-03  Time cost: 04:18/00:16 [08:57/36:56]  Acc_iter 1800        Data time: 0.01(0.01)  Forward time: 0.27(0.28)  Batch time: 0.28(0.30)
2025-03-14 14:49:12,227   INFO  
2025-03-14 14:49:26,890   INFO  Train:    2/10 ( 20%) [ 921/928 ( 99%)]  Loss: 0.9050 (0.961)  LR: 1.642e-03  Time cost: 04:33/00:02 [09:11/36:40]  Acc_iter 1850        Data time: 0.01(0.01)  Forward time: 0.27(0.28)  Batch time: 0.28(0.30)
2025-03-14 14:49:28,566   INFO  Train:    2/10 ( 20%) [ 927/928 (100%)]  Loss: 0.8963 (0.961)  LR: 1.649e-03  Time cost: 04:34/00:00 [09:13/36:38]  Acc_iter 1856        Data time: 0.02(0.01)  Forward time: 0.26(0.28)  Batch time: 0.27(0.30)
2025-03-14 14:49:29,959   INFO  Train:    3/10 ( 30%) [   0/928 (  0%)]  Loss: 0.8829 (0.883)  LR: 1.650e-03  Time cost: 00:00/13:30 [09:14/1:48:05]  Acc_iter 1857        Data time: 0.56(0.56)  Forward time: 0.30(0.30)  Batch time: 0.86(0.86)
2025-03-14 14:49:42,578   INFO  Train:    3/10 ( 30%) [  43/928 (  5%)]  Loss: 0.9451 (0.911)  LR: 1.699e-03  Time cost: 00:13/04:31 [09:27/37:43]  Acc_iter 1900        Data time: 0.00(0.03)  Forward time: 0.29(0.28)  Batch time: 0.29(0.31)
2025-03-14 14:49:57,024   INFO  Train:    3/10 ( 30%) [  93/928 ( 10%)]  Loss: 0.9006 (0.917)  LR: 1.756e-03  Time cost: 00:27/04:08 [09:41/36:18]  Acc_iter 1950        Data time: 0.01(0.02)  Forward time: 0.28(0.28)  Batch time: 0.29(0.30)
2025-03-14 14:49:57,026   INFO  
2025-03-14 14:50:11,468   INFO  Train:    3/10 ( 30%) [ 143/928 ( 15%)]  Loss: 0.9716 (0.912)  LR: 1.813e-03  Time cost: 00:42/03:51 [09:56/35:42]  Acc_iter 2000        Data time: 0.01(0.02)  Forward time: 0.27(0.28)  Batch time: 0.28(0.29)
2025-03-14 14:50:25,864   INFO  Train:    3/10 ( 30%) [ 193/928 ( 21%)]  Loss: 0.9701 (0.905)  LR: 1.870e-03  Time cost: 00:56/03:35 [10:10/35:16]  Acc_iter 2050        Data time: 0.01(0.02)  Forward time: 0.29(0.28)  Batch time: 0.30(0.29)
2025-03-14 14:50:40,208   INFO  Train:    3/10 ( 30%) [ 243/928 ( 26%)]  Loss: 0.8246 (0.902)  LR: 1.926e-03  Time cost: 01:11/03:19 [10:25/34:53]  Acc_iter 2100        Data time: 0.01(0.02)  Forward time: 0.27(0.28)  Batch time: 0.28(0.29)
2025-03-14 14:50:40,210   INFO  
2025-03-14 14:50:54,592   INFO  Train:    3/10 ( 30%) [ 293/928 ( 32%)]  Loss: 0.8632 (0.896)  LR: 1.981e-03  Time cost: 01:25/03:04 [10:39/34:33]  Acc_iter 2150        Data time: 0.01(0.02)  Forward time: 0.27(0.28)  Batch time: 0.28(0.29)
2025-03-14 14:51:09,088   INFO  Train:    3/10 ( 30%) [ 343/928 ( 37%)]  Loss: 0.7651 (0.896)  LR: 2.036e-03  Time cost: 01:40/02:50 [10:54/34:18]  Acc_iter 2200        Data time: 0.01(0.02)  Forward time: 0.27(0.28)  Batch time: 0.28(0.29)
2025-03-14 14:51:24,502   INFO  Train:    3/10 ( 30%) [ 393/928 ( 42%)]  Loss: 0.9032 (0.894)  LR: 2.091e-03  Time cost: 01:55/02:36 [11:09/34:19]  Acc_iter 2250        Data time: 0.01(0.02)  Forward time: 0.34(0.28)  Batch time: 0.35(0.29)
2025-03-14 14:51:24,504   INFO  
2025-03-14 14:51:39,653   INFO  Train:    3/10 ( 30%) [ 443/928 ( 48%)]  Loss: 0.8239 (0.891)  LR: 2.144e-03  Time cost: 02:10/02:22 [11:24/34:12]  Acc_iter 2300        Data time: 0.01(0.02)  Forward time: 0.27(0.28)  Batch time: 0.28(0.29)
2025-03-14 14:51:54,905   INFO  Train:    3/10 ( 30%) [ 493/928 ( 53%)]  Loss: 0.7875 (0.886)  LR: 2.197e-03  Time cost: 02:25/02:08 [11:39/34:05]  Acc_iter 2350        Data time: 0.02(0.02)  Forward time: 0.27(0.28)  Batch time: 0.29(0.30)
2025-03-14 14:52:10,552   INFO  Train:    3/10 ( 30%) [ 543/928 ( 59%)]  Loss: 0.9250 (0.886)  LR: 2.249e-03  Time cost: 02:41/01:54 [11:55/34:02]  Acc_iter 2400        Data time: 0.01(0.01)  Forward time: 0.30(0.28)  Batch time: 0.31(0.30)
2025-03-14 14:52:10,555   INFO  
2025-03-14 14:52:26,296   INFO  Train:    3/10 ( 30%) [ 593/928 ( 64%)]  Loss: 0.8767 (0.882)  LR: 2.299e-03  Time cost: 02:57/01:39 [12:11/33:57]  Acc_iter 2450        Data time: 0.02(0.01)  Forward time: 0.30(0.28)  Batch time: 0.32(0.30)
2025-03-14 14:52:40,722   INFO  Train:    3/10 ( 30%) [ 643/928 ( 69%)]  Loss: 0.9637 (0.880)  LR: 2.349e-03  Time cost: 03:11/01:24 [12:25/33:37]  Acc_iter 2500        Data time: 0.01(0.01)  Forward time: 0.27(0.28)  Batch time: 0.29(0.30)
2025-03-14 14:52:55,218   INFO  Train:    3/10 ( 30%) [ 693/928 ( 75%)]  Loss: 0.8831 (0.876)  LR: 2.397e-03  Time cost: 03:26/01:09 [12:40/33:19]  Acc_iter 2550        Data time: 0.01(0.01)  Forward time: 0.28(0.28)  Batch time: 0.29(0.30)
2025-03-14 14:52:55,220   INFO  
2025-03-14 14:53:09,697   INFO  Train:    3/10 ( 30%) [ 743/928 ( 80%)]  Loss: 0.7756 (0.874)  LR: 2.444e-03  Time cost: 03:40/00:54 [12:54/33:01]  Acc_iter 2600        Data time: 0.01(0.01)  Forward time: 0.27(0.28)  Batch time: 0.28(0.30)
2025-03-14 14:53:24,463   INFO  Train:    3/10 ( 30%) [ 793/928 ( 85%)]  Loss: 0.8390 (0.873)  LR: 2.490e-03  Time cost: 03:55/00:40 [13:09/32:45]  Acc_iter 2650        Data time: 0.01(0.01)  Forward time: 0.28(0.28)  Batch time: 0.29(0.30)
2025-03-14 14:53:39,886   INFO  Train:    3/10 ( 30%) [ 843/928 ( 91%)]  Loss: 0.8712 (0.870)  LR: 2.534e-03  Time cost: 04:10/00:25 [13:24/32:35]  Acc_iter 2700        Data time: 0.01(0.01)  Forward time: 0.29(0.28)  Batch time: 0.30(0.30)
2025-03-14 14:53:39,889   INFO  
2025-03-14 14:53:54,667   INFO  Train:    3/10 ( 30%) [ 893/928 ( 96%)]  Loss: 0.8966 (0.868)  LR: 2.576e-03  Time cost: 04:25/00:10 [13:39/32:20]  Acc_iter 2750        Data time: 0.01(0.01)  Forward time: 0.27(0.28)  Batch time: 0.29(0.30)
2025-03-14 14:54:04,487   INFO  Train:    3/10 ( 30%) [ 927/928 (100%)]  Loss: 0.8021 (0.868)  LR: 2.604e-03  Time cost: 04:35/00:00 [13:49/32:08]  Acc_iter 2784        Data time: 0.01(0.01)  Forward time: 0.27(0.28)  Batch time: 0.28(0.30)
2025-03-14 14:54:05,852   INFO  Train:    4/10 ( 40%) [   0/928 (  0%)]  Loss: 0.7496 (0.750)  LR: 2.605e-03  Time cost: 00:00/13:02 [13:50/1:31:19]  Acc_iter 2785        Data time: 0.51(0.51)  Forward time: 0.33(0.33)  Batch time: 0.83(0.83)
2025-03-14 14:54:10,320   INFO  Train:    4/10 ( 40%) [  15/928 (  2%)]  Loss: 0.7404 (0.807)  LR: 2.617e-03  Time cost: 00:05/05:03 [13:55/35:51]  Acc_iter 2800        Data time: 0.01(0.04)  Forward time: 0.28(0.29)  Batch time: 0.29(0.33)
2025-03-14 14:54:25,354   INFO  Train:    4/10 ( 40%) [  65/928 (  7%)]  Loss: 0.8384 (0.822)  LR: 2.656e-03  Time cost: 00:20/04:26 [14:10/33:02]  Acc_iter 2850        Data time: 0.02(0.02)  Forward time: 0.34(0.29)  Batch time: 0.35(0.31)
2025-03-14 14:54:25,357   INFO  
2025-03-14 14:54:40,668   INFO  Train:    4/10 ( 40%) [ 115/928 ( 12%)]  Loss: 0.8768 (0.815)  LR: 2.693e-03  Time cost: 00:35/04:09 [14:25/32:41]  Acc_iter 2900        Data time: 0.02(0.02)  Forward time: 0.28(0.29)  Batch time: 0.30(0.31)
2025-03-14 14:54:55,975   INFO  Train:    4/10 ( 40%) [ 165/928 ( 18%)]  Loss: 0.8584 (0.815)  LR: 2.728e-03  Time cost: 00:50/03:54 [14:40/32:23]  Acc_iter 2950        Data time: 0.01(0.02)  Forward time: 0.31(0.29)  Batch time: 0.32(0.31)
2025-03-14 14:55:11,028   INFO  Train:    4/10 ( 40%) [ 215/928 ( 23%)]  Loss: 0.8970 (0.813)  LR: 2.762e-03  Time cost: 01:06/03:37 [14:55/31:59]  Acc_iter 3000        Data time: 0.01(0.02)  Forward time: 0.31(0.29)  Batch time: 0.32(0.31)
2025-03-14 14:55:11,030   INFO  
2025-03-14 14:55:25,953   INFO  Train:    4/10 ( 40%) [ 265/928 ( 29%)]  Loss: 0.7606 (0.814)  LR: 2.793e-03  Time cost: 01:20/03:21 [15:10/31:36]  Acc_iter 3050        Data time: 0.01(0.02)  Forward time: 0.28(0.29)  Batch time: 0.29(0.30)
2025-03-14 14:55:40,307   INFO  Train:    4/10 ( 40%) [ 315/928 ( 34%)]  Loss: 0.8522 (0.810)  LR: 2.822e-03  Time cost: 01:35/03:04 [15:25/31:04]  Acc_iter 3100        Data time: 0.01(0.02)  Forward time: 0.28(0.29)  Batch time: 0.29(0.30)
2025-03-14 14:55:54,635   INFO  Train:    4/10 ( 40%) [ 365/928 ( 39%)]  Loss: 0.7327 (0.805)  LR: 2.850e-03  Time cost: 01:49/02:48 [15:39/30:36]  Acc_iter 3150        Data time: 0.01(0.02)  Forward time: 0.27(0.28)  Batch time: 0.28(0.30)
2025-03-14 14:55:54,637   INFO  
2025-03-14 14:56:09,231   INFO  Train:    4/10 ( 40%) [ 415/928 ( 45%)]  Loss: 0.8575 (0.803)  LR: 2.875e-03  Time cost: 02:04/02:33 [15:54/30:15]  Acc_iter 3200        Data time: 0.01(0.02)  Forward time: 0.27(0.28)  Batch time: 0.28(0.30)
2025-03-14 14:56:23,756   INFO  Train:    4/10 ( 40%) [ 465/928 ( 50%)]  Loss: 0.7334 (0.798)  LR: 2.898e-03  Time cost: 02:18/02:17 [16:08/29:55]  Acc_iter 3250        Data time: 0.01(0.01)  Forward time: 0.27(0.28)  Batch time: 0.28(0.30)
2025-03-14 14:56:38,444   INFO  Train:    4/10 ( 40%) [ 515/928 ( 55%)]  Loss: 0.7119 (0.797)  LR: 2.918e-03  Time cost: 02:33/02:02 [16:23/29:38]  Acc_iter 3300        Data time: 0.01(0.01)  Forward time: 0.29(0.28)  Batch time: 0.30(0.30)
2025-03-14 14:56:38,446   INFO  
2025-03-14 14:56:53,733   INFO  Train:    4/10 ( 40%) [ 565/928 ( 61%)]  Loss: 0.7883 (0.793)  LR: 2.937e-03  Time cost: 02:48/01:48 [16:38/29:28]  Acc_iter 3350        Data time: 0.01(0.01)  Forward time: 0.28(0.28)  Batch time: 0.29(0.30)
2025-03-14 14:57:08,443   INFO  Train:    4/10 ( 40%) [ 615/928 ( 66%)]  Loss: 0.6569 (0.791)  LR: 2.953e-03  Time cost: 03:03/01:33 [16:53/29:11]  Acc_iter 3400        Data time: 0.01(0.01)  Forward time: 0.28(0.28)  Batch time: 0.30(0.30)
2025-03-14 14:57:23,506   INFO  Train:    4/10 ( 40%) [ 665/928 ( 72%)]  Loss: 0.9404 (0.789)  LR: 2.967e-03  Time cost: 03:18/01:18 [17:08/28:57]  Acc_iter 3450        Data time: 0.01(0.01)  Forward time: 0.37(0.28)  Batch time: 0.38(0.30)
2025-03-14 14:57:23,508   INFO  
2025-03-14 14:57:37,948   INFO  Train:    4/10 ( 40%) [ 715/928 ( 77%)]  Loss: 0.6641 (0.788)  LR: 2.978e-03  Time cost: 03:32/01:03 [17:22/28:39]  Acc_iter 3500        Data time: 0.01(0.01)  Forward time: 0.27(0.28)  Batch time: 0.29(0.30)
2025-03-14 14:57:53,109   INFO  Train:    4/10 ( 40%) [ 765/928 ( 82%)]  Loss: 0.6893 (0.788)  LR: 2.987e-03  Time cost: 03:48/00:48 [17:38/28:26]  Acc_iter 3550        Data time: 0.01(0.01)  Forward time: 0.28(0.28)  Batch time: 0.29(0.30)
2025-03-14 14:58:08,482   INFO  Train:    4/10 ( 40%) [ 815/928 ( 88%)]  Loss: 0.7408 (0.786)  LR: 2.994e-03  Time cost: 04:03/00:33 [17:53/28:15]  Acc_iter 3600        Data time: 0.02(0.01)  Forward time: 0.30(0.28)  Batch time: 0.31(0.30)
2025-03-14 14:58:08,484   INFO  
2025-03-14 14:58:23,651   INFO  Train:    4/10 ( 40%) [ 865/928 ( 93%)]  Loss: 0.8158 (0.784)  LR: 2.998e-03  Time cost: 04:18/00:18 [18:08/28:01]  Acc_iter 3650        Data time: 0.01(0.01)  Forward time: 0.29(0.28)  Batch time: 0.30(0.30)
2025-03-14 14:58:38,114   INFO  Train:    4/10 ( 40%) [ 915/928 ( 99%)]  Loss: 0.6303 (0.782)  LR: 3.000e-03  Time cost: 04:33/00:03 [18:23/27:43]  Acc_iter 3700        Data time: 0.01(0.01)  Forward time: 0.27(0.28)  Batch time: 0.29(0.30)
2025-03-14 14:58:41,499   INFO  Train:    4/10 ( 40%) [ 927/928 (100%)]  Loss: 0.6600 (0.781)  LR: 3.000e-03  Time cost: 04:36/00:00 [18:26/27:39]  Acc_iter 3712        Data time: 0.01(0.01)  Forward time: 0.26(0.28)  Batch time: 0.27(0.30)
2025-03-14 14:58:42,822   INFO  Train:    5/10 ( 50%) [   0/928 (  0%)]  Loss: 0.7852 (0.785)  LR: 3.000e-03  Time cost: 00:00/12:24 [18:27/1:14:24]  Acc_iter 3713        Data time: 0.47(0.47)  Forward time: 0.32(0.32)  Batch time: 0.79(0.79)
2025-03-14 14:58:53,613   INFO  Train:    5/10 ( 50%) [  37/928 (  4%)]  Loss: 0.8615 (0.840)  LR: 3.000e-03  Time cost: 00:11/04:31 [18:38/28:07]  Acc_iter 3750        Data time: 0.01(0.03)  Forward time: 0.28(0.28)  Batch time: 0.29(0.30)
2025-03-14 14:58:53,615   INFO  
2025-03-14 14:59:08,096   INFO  Train:    5/10 ( 50%) [  87/928 (  9%)]  Loss: 0.7387 (0.800)  LR: 2.998e-03  Time cost: 00:26/04:09 [18:53/27:04]  Acc_iter 3800        Data time: 0.02(0.02)  Forward time: 0.29(0.28)  Batch time: 0.30(0.30)
2025-03-14 14:59:22,443   INFO  Train:    5/10 ( 50%) [ 137/928 ( 15%)]  Loss: 0.6310 (0.767)  LR: 2.996e-03  Time cost: 00:40/03:51 [19:07/26:30]  Acc_iter 3850        Data time: 0.01(0.02)  Forward time: 0.27(0.28)  Batch time: 0.28(0.29)
2025-03-14 14:59:36,867   INFO  Train:    5/10 ( 50%) [ 187/928 ( 20%)]  Loss: 0.7030 (0.760)  LR: 2.992e-03  Time cost: 00:54/03:36 [19:21/26:09]  Acc_iter 3900        Data time: 0.02(0.02)  Forward time: 0.27(0.28)  Batch time: 0.29(0.29)
2025-03-14 14:59:36,868   INFO  
2025-03-14 14:59:51,268   INFO  Train:    5/10 ( 50%) [ 237/928 ( 26%)]  Loss: 0.7054 (0.752)  LR: 2.987e-03  Time cost: 01:09/03:21 [19:36/25:51]  Acc_iter 3950        Data time: 0.01(0.02)  Forward time: 0.28(0.28)  Batch time: 0.29(0.29)
2025-03-14 15:00:05,677   INFO  Train:    5/10 ( 50%) [ 287/928 ( 31%)]  Loss: 0.6306 (0.745)  LR: 2.980e-03  Time cost: 01:23/03:06 [19:50/25:33]  Acc_iter 4000        Data time: 0.02(0.02)  Forward time: 0.27(0.27)  Batch time: 0.29(0.29)
2025-03-14 15:00:20,100   INFO  Train:    5/10 ( 50%) [ 337/928 ( 36%)]  Loss: 0.6295 (0.742)  LR: 2.973e-03  Time cost: 01:38/02:51 [20:05/25:17]  Acc_iter 4050        Data time: 0.01(0.02)  Forward time: 0.27(0.27)  Batch time: 0.29(0.29)
2025-03-14 15:00:20,102   INFO  
2025-03-14 15:00:34,465   INFO  Train:    5/10 ( 50%) [ 387/928 ( 42%)]  Loss: 0.7599 (0.740)  LR: 2.964e-03  Time cost: 01:52/02:36 [20:19/25:01]  Acc_iter 4100        Data time: 0.01(0.02)  Forward time: 0.28(0.27)  Batch time: 0.30(0.29)
2025-03-14 15:00:48,879   INFO  Train:    5/10 ( 50%) [ 437/928 ( 47%)]  Loss: 0.8037 (0.736)  LR: 2.955e-03  Time cost: 02:06/02:22 [20:33/24:46]  Acc_iter 4150        Data time: 0.01(0.02)  Forward time: 0.28(0.27)  Batch time: 0.29(0.29)
2025-03-14 15:01:03,699   INFO  Train:    5/10 ( 50%) [ 487/928 ( 52%)]  Loss: 0.6256 (0.733)  LR: 2.944e-03  Time cost: 02:21/02:08 [20:48/24:35]  Acc_iter 4200        Data time: 0.01(0.01)  Forward time: 0.27(0.28)  Batch time: 0.29(0.29)
2025-03-14 15:01:03,702   INFO  
2025-03-14 15:01:18,281   INFO  Train:    5/10 ( 50%) [ 537/928 ( 58%)]  Loss: 0.6736 (0.732)  LR: 2.932e-03  Time cost: 02:36/01:53 [21:03/24:21]  Acc_iter 4250        Data time: 0.02(0.01)  Forward time: 0.27(0.28)  Batch time: 0.29(0.29)
2025-03-14 15:01:32,829   INFO  Train:    5/10 ( 50%) [ 587/928 ( 63%)]  Loss: 0.7117 (0.730)  LR: 2.918e-03  Time cost: 02:50/01:39 [21:17/24:06]  Acc_iter 4300        Data time: 0.01(0.01)  Forward time: 0.28(0.28)  Batch time: 0.29(0.29)
2025-03-14 15:01:47,303   INFO  Train:    5/10 ( 50%) [ 637/928 ( 69%)]  Loss: 0.7152 (0.728)  LR: 2.904e-03  Time cost: 03:05/01:24 [21:32/23:52]  Acc_iter 4350        Data time: 0.01(0.01)  Forward time: 0.28(0.28)  Batch time: 0.29(0.29)
2025-03-14 15:01:47,305   INFO  
2025-03-14 15:02:01,980   INFO  Train:    5/10 ( 50%) [ 687/928 ( 74%)]  Loss: 0.7150 (0.728)  LR: 2.889e-03  Time cost: 03:19/01:10 [21:46/23:38]  Acc_iter 4400        Data time: 0.01(0.01)  Forward time: 0.29(0.28)  Batch time: 0.30(0.29)
2025-03-14 15:02:16,995   INFO  Train:    5/10 ( 50%) [ 737/928 ( 79%)]  Loss: 0.6888 (0.726)  LR: 2.872e-03  Time cost: 03:34/00:55 [22:01/23:27]  Acc_iter 4450        Data time: 0.01(0.01)  Forward time: 0.29(0.28)  Batch time: 0.30(0.29)
2025-03-14 15:02:31,899   INFO  Train:    5/10 ( 50%) [ 787/928 ( 85%)]  Loss: 0.6283 (0.723)  LR: 2.855e-03  Time cost: 03:49/00:41 [22:16/23:14]  Acc_iter 4500        Data time: 0.01(0.01)  Forward time: 0.29(0.28)  Batch time: 0.30(0.29)
2025-03-14 15:02:31,901   INFO  
2025-03-14 15:02:46,971   INFO  Train:    5/10 ( 50%) [ 837/928 ( 90%)]  Loss: 0.6361 (0.720)  LR: 2.836e-03  Time cost: 04:04/00:26 [22:31/23:02]  Acc_iter 4550        Data time: 0.01(0.01)  Forward time: 0.29(0.28)  Batch time: 0.30(0.29)
2025-03-14 15:03:02,188   INFO  Train:    5/10 ( 50%) [ 887/928 ( 96%)]  Loss: 0.6708 (0.718)  LR: 2.816e-03  Time cost: 04:20/00:12 [22:47/22:51]  Acc_iter 4600        Data time: 0.01(0.01)  Forward time: 0.31(0.28)  Batch time: 0.32(0.29)
2025-03-14 15:03:13,785   INFO  Train:    5/10 ( 50%) [ 927/928 (100%)]  Loss: 0.5987 (0.716)  LR: 2.799e-03  Time cost: 04:31/00:00 [22:58/22:39]  Acc_iter 4640        Data time: 0.01(0.01)  Forward time: 0.27(0.28)  Batch time: 0.28(0.29)
2025-03-14 15:03:15,148   INFO  Train:    6/10 ( 60%) [   0/928 (  0%)]  Loss: 0.7096 (0.710)  LR: 2.799e-03  Time cost: 00:00/12:52 [23:00/1:04:20]  Acc_iter 4641        Data time: 0.50(0.50)  Forward time: 0.33(0.33)  Batch time: 0.82(0.82)
2025-03-14 15:03:17,935   INFO  Train:    6/10 ( 60%) [   9/928 (  1%)]  Loss: 0.6484 (0.680)  LR: 2.795e-03  Time cost: 00:03/05:32 [23:02/27:56]  Acc_iter 4650        Data time: 0.01(0.06)  Forward time: 0.28(0.30)  Batch time: 0.30(0.36)
2025-03-14 15:03:17,938   INFO  
2025-03-14 15:03:33,491   INFO  Train:    6/10 ( 60%) [  59/928 (  6%)]  Loss: 0.7155 (0.674)  LR: 2.773e-03  Time cost: 00:19/04:37 [23:18/24:24]  Acc_iter 4700        Data time: 0.01(0.02)  Forward time: 0.28(0.30)  Batch time: 0.30(0.32)
2025-03-14 15:03:48,218   INFO  Train:    6/10 ( 60%) [ 109/928 ( 12%)]  Loss: 0.6434 (0.674)  LR: 2.750e-03  Time cost: 00:33/04:12 [23:33/23:16]  Acc_iter 4750        Data time: 0.01(0.02)  Forward time: 0.28(0.29)  Batch time: 0.29(0.31)
2025-03-14 15:04:03,042   INFO  Train:    6/10 ( 60%) [ 159/928 ( 17%)]  Loss: 0.6570 (0.678)  LR: 2.727e-03  Time cost: 00:48/03:54 [23:47/22:44]  Acc_iter 4800        Data time: 0.01(0.02)  Forward time: 0.27(0.29)  Batch time: 0.28(0.30)
2025-03-14 15:04:03,044   INFO  
2025-03-14 15:04:17,606   INFO  Train:    6/10 ( 60%) [ 209/928 ( 23%)]  Loss: 0.5856 (0.675)  LR: 2.702e-03  Time cost: 01:03/03:36 [24:02/22:15]  Acc_iter 4850        Data time: 0.01(0.02)  Forward time: 0.29(0.28)  Batch time: 0.30(0.30)
2025-03-14 15:04:32,145   INFO  Train:    6/10 ( 60%) [ 259/928 ( 28%)]  Loss: 0.6456 (0.674)  LR: 2.676e-03  Time cost: 01:17/03:20 [24:17/21:51]  Acc_iter 4900        Data time: 0.01(0.02)  Forward time: 0.27(0.28)  Batch time: 0.29(0.30)
2025-03-14 15:04:46,981   INFO  Train:    6/10 ( 60%) [ 309/928 ( 33%)]  Loss: 0.6444 (0.671)  LR: 2.649e-03  Time cost: 01:32/03:05 [24:31/21:34]  Acc_iter 4950        Data time: 0.01(0.02)  Forward time: 0.28(0.28)  Batch time: 0.30(0.30)
2025-03-14 15:04:46,984   INFO  
2025-03-14 15:05:01,730   INFO  Train:    6/10 ( 60%) [ 359/928 ( 39%)]  Loss: 0.6252 (0.669)  LR: 2.622e-03  Time cost: 01:47/02:49 [24:46/21:17]  Acc_iter 5000        Data time: 0.01(0.02)  Forward time: 0.29(0.28)  Batch time: 0.30(0.30)
2025-03-14 15:05:16,326   INFO  Train:    6/10 ( 60%) [ 409/928 ( 44%)]  Loss: 0.6555 (0.668)  LR: 2.593e-03  Time cost: 02:02/02:34 [25:01/20:59]  Acc_iter 5050        Data time: 0.02(0.02)  Forward time: 0.26(0.28)  Batch time: 0.28(0.30)
2025-03-14 15:05:30,993   INFO  Train:    6/10 ( 60%) [ 459/928 ( 49%)]  Loss: 0.7655 (0.665)  LR: 2.564e-03  Time cost: 02:16/02:19 [25:15/20:42]  Acc_iter 5100        Data time: 0.02(0.02)  Forward time: 0.28(0.28)  Batch time: 0.29(0.30)
2025-03-14 15:05:30,995   INFO  
2025-03-14 15:05:45,756   INFO  Train:    6/10 ( 60%) [ 509/928 ( 55%)]  Loss: 0.6101 (0.664)  LR: 2.533e-03  Time cost: 02:31/02:04 [25:30/20:26]  Acc_iter 5150        Data time: 0.01(0.01)  Forward time: 0.27(0.28)  Batch time: 0.29(0.30)
2025-03-14 15:06:00,430   INFO  Train:    6/10 ( 60%) [ 559/928 ( 60%)]  Loss: 0.6923 (0.663)  LR: 2.502e-03  Time cost: 02:46/01:49 [25:45/20:10]  Acc_iter 5200        Data time: 0.01(0.01)  Forward time: 0.27(0.28)  Batch time: 0.28(0.30)
2025-03-14 15:06:15,098   INFO  Train:    6/10 ( 60%) [ 609/928 ( 66%)]  Loss: 0.5734 (0.663)  LR: 2.470e-03  Time cost: 03:00/01:34 [26:00/19:54]  Acc_iter 5250        Data time: 0.02(0.01)  Forward time: 0.28(0.28)  Batch time: 0.30(0.30)
2025-03-14 15:06:15,100   INFO  
2025-03-14 15:06:30,129   INFO  Train:    6/10 ( 60%) [ 659/928 ( 71%)]  Loss: 0.5953 (0.662)  LR: 2.438e-03  Time cost: 03:15/01:19 [26:15/19:41]  Acc_iter 5300        Data time: 0.01(0.01)  Forward time: 0.28(0.28)  Batch time: 0.29(0.30)
2025-03-14 15:06:44,662   INFO  Train:    6/10 ( 60%) [ 709/928 ( 76%)]  Loss: 0.6442 (0.660)  LR: 2.404e-03  Time cost: 03:30/01:04 [26:29/19:24]  Acc_iter 5350        Data time: 0.01(0.01)  Forward time: 0.29(0.28)  Batch time: 0.30(0.30)
2025-03-14 15:06:59,608   INFO  Train:    6/10 ( 60%) [ 759/928 ( 82%)]  Loss: 0.7296 (0.659)  LR: 2.370e-03  Time cost: 03:45/00:50 [26:44/19:10]  Acc_iter 5400        Data time: 0.02(0.01)  Forward time: 0.27(0.28)  Batch time: 0.29(0.30)
2025-03-14 15:06:59,610   INFO  
2025-03-14 15:07:14,842   INFO  Train:    6/10 ( 60%) [ 809/928 ( 87%)]  Loss: 0.7501 (0.659)  LR: 2.335e-03  Time cost: 04:00/00:35 [26:59/18:57]  Acc_iter 5450        Data time: 0.01(0.01)  Forward time: 0.29(0.28)  Batch time: 0.30(0.30)
2025-03-14 15:07:29,933   INFO  Train:    6/10 ( 60%) [ 859/928 ( 93%)]  Loss: 0.5920 (0.657)  LR: 2.300e-03  Time cost: 04:15/00:20 [27:14/18:43]  Acc_iter 5500        Data time: 0.02(0.01)  Forward time: 0.32(0.28)  Batch time: 0.33(0.30)
2025-03-14 15:07:45,202   INFO  Train:    6/10 ( 60%) [ 909/928 ( 98%)]  Loss: 0.6615 (0.655)  LR: 2.264e-03  Time cost: 04:30/00:05 [27:30/18:30]  Acc_iter 5550        Data time: 0.02(0.01)  Forward time: 0.27(0.28)  Batch time: 0.29(0.30)
2025-03-14 15:07:45,204   INFO  
2025-03-14 15:07:50,553   INFO  Train:    6/10 ( 60%) [ 927/928 (100%)]  Loss: 0.6962 (0.654)  LR: 2.251e-03  Time cost: 04:36/00:00 [27:35/18:25]  Acc_iter 5568        Data time: 0.01(0.01)  Forward time: 0.30(0.28)  Batch time: 0.31(0.30)
2025-03-14 15:07:52,128   INFO  Train:    7/10 ( 70%) [   0/928 (  0%)]  Loss: 0.6172 (0.617)  LR: 2.250e-03  Time cost: 00:00/15:06 [27:37/1:00:24]  Acc_iter 5569        Data time: 0.56(0.56)  Forward time: 0.40(0.40)  Batch time: 0.97(0.97)
2025-03-14 15:08:01,823   INFO  Train:    7/10 ( 70%) [  31/928 (  3%)]  Loss: 0.6344 (0.647)  LR: 2.227e-03  Time cost: 00:10/04:59 [27:46/20:27]  Acc_iter 5600        Data time: 0.01(0.03)  Forward time: 0.28(0.30)  Batch time: 0.29(0.33)
2025-03-14 15:08:16,972   INFO  Train:    7/10 ( 70%) [  81/928 (  9%)]  Loss: 0.6030 (0.652)  LR: 2.190e-03  Time cost: 00:25/04:26 [28:01/19:03]  Acc_iter 5650        Data time: 0.01(0.02)  Forward time: 0.28(0.29)  Batch time: 0.30(0.31)
2025-03-14 15:08:32,152   INFO  Train:    7/10 ( 70%) [ 131/928 ( 14%)]  Loss: 0.6159 (0.643)  LR: 2.152e-03  Time cost: 00:41/04:07 [28:17/18:32]  Acc_iter 5700        Data time: 0.01(0.02)  Forward time: 0.32(0.29)  Batch time: 0.34(0.31)
2025-03-14 15:08:32,161   INFO  
2025-03-14 15:08:48,245   INFO  Train:    7/10 ( 70%) [ 181/928 ( 20%)]  Loss: 0.5597 (0.635)  LR: 2.114e-03  Time cost: 00:57/03:54 [28:33/18:27]  Acc_iter 5750        Data time: 0.01(0.02)  Forward time: 0.29(0.30)  Batch time: 0.30(0.31)
2025-03-14 15:09:03,969   INFO  Train:    7/10 ( 70%) [ 231/928 ( 25%)]  Loss: 0.6171 (0.631)  LR: 2.075e-03  Time cost: 01:12/03:38 [28:48/18:12]  Acc_iter 5800        Data time: 0.01(0.02)  Forward time: 0.30(0.30)  Batch time: 0.32(0.31)
2025-03-14 15:09:20,357   INFO  Train:    7/10 ( 70%) [ 281/928 ( 30%)]  Loss: 0.6413 (0.627)  LR: 2.036e-03  Time cost: 01:29/03:24 [29:05/18:05]  Acc_iter 5850        Data time: 0.01(0.02)  Forward time: 0.28(0.30)  Batch time: 0.29(0.32)
2025-03-14 15:09:20,359   INFO  
2025-03-14 15:09:36,678   INFO  Train:    7/10 ( 70%) [ 331/928 ( 36%)]  Loss: 0.6221 (0.623)  LR: 1.996e-03  Time cost: 01:45/03:09 [29:21/17:54]  Acc_iter 5900        Data time: 0.01(0.02)  Forward time: 0.27(0.30)  Batch time: 0.29(0.32)
2025-03-14 15:09:52,203   INFO  Train:    7/10 ( 70%) [ 381/928 ( 41%)]  Loss: 0.6053 (0.621)  LR: 1.956e-03  Time cost: 02:01/02:53 [29:37/17:35]  Acc_iter 5950        Data time: 0.02(0.02)  Forward time: 0.30(0.30)  Batch time: 0.31(0.32)
2025-03-14 15:10:07,264   INFO  Train:    7/10 ( 70%) [ 431/928 ( 46%)]  Loss: 0.6101 (0.619)  LR: 1.915e-03  Time cost: 02:16/02:36 [29:52/17:13]  Acc_iter 6000        Data time: 0.01(0.02)  Forward time: 0.31(0.30)  Batch time: 0.32(0.32)
2025-03-14 15:10:07,266   INFO  
2025-03-14 15:10:22,879   INFO  Train:    7/10 ( 70%) [ 481/928 ( 52%)]  Loss: 0.5495 (0.617)  LR: 1.874e-03  Time cost: 02:31/02:20 [30:07/16:57]  Acc_iter 6050        Data time: 0.01(0.02)  Forward time: 0.29(0.30)  Batch time: 0.31(0.31)
2025-03-14 15:10:38,297   INFO  Train:    7/10 ( 70%) [ 531/928 ( 57%)]  Loss: 0.5715 (0.616)  LR: 1.833e-03  Time cost: 02:47/02:04 [30:23/16:39]  Acc_iter 6100        Data time: 0.01(0.02)  Forward time: 0.27(0.30)  Batch time: 0.28(0.31)
2025-03-14 15:10:53,495   INFO  Train:    7/10 ( 70%) [ 581/928 ( 63%)]  Loss: 0.6705 (0.615)  LR: 1.792e-03  Time cost: 03:02/01:48 [30:38/16:20]  Acc_iter 6150        Data time: 0.01(0.01)  Forward time: 0.30(0.30)  Batch time: 0.32(0.31)
2025-03-14 15:10:53,497   INFO  
2025-03-14 15:11:09,599   INFO  Train:    7/10 ( 70%) [ 631/928 ( 68%)]  Loss: 0.6814 (0.613)  LR: 1.750e-03  Time cost: 03:18/01:33 [30:54/16:07]  Acc_iter 6200        Data time: 0.01(0.01)  Forward time: 0.30(0.30)  Batch time: 0.31(0.31)
2025-03-14 15:11:25,480   INFO  Train:    7/10 ( 70%) [ 681/928 ( 73%)]  Loss: 0.5579 (0.613)  LR: 1.708e-03  Time cost: 03:34/01:17 [31:10/15:52]  Acc_iter 6250        Data time: 0.01(0.01)  Forward time: 0.31(0.30)  Batch time: 0.32(0.31)
2025-03-14 15:11:41,511   INFO  Train:    7/10 ( 70%) [ 731/928 ( 79%)]  Loss: 0.5983 (0.611)  LR: 1.666e-03  Time cost: 03:50/01:01 [31:26/15:38]  Acc_iter 6300        Data time: 0.01(0.01)  Forward time: 0.28(0.30)  Batch time: 0.29(0.31)
2025-03-14 15:11:41,513   INFO  
2025-03-14 15:11:56,789   INFO  Train:    7/10 ( 70%) [ 781/928 ( 84%)]  Loss: 0.5093 (0.609)  LR: 1.624e-03  Time cost: 04:05/00:46 [31:41/15:20]  Acc_iter 6350        Data time: 0.02(0.01)  Forward time: 0.28(0.30)  Batch time: 0.30(0.31)
2025-03-14 15:12:12,026   INFO  Train:    7/10 ( 70%) [ 831/928 ( 90%)]  Loss: 0.5908 (0.607)  LR: 1.582e-03  Time cost: 04:20/00:30 [31:56/15:03]  Acc_iter 6400        Data time: 0.02(0.01)  Forward time: 0.35(0.30)  Batch time: 0.37(0.31)
2025-03-14 15:12:26,756   INFO  Train:    7/10 ( 70%) [ 881/928 ( 95%)]  Loss: 0.4660 (0.605)  LR: 1.540e-03  Time cost: 04:35/00:14 [32:11/14:44]  Acc_iter 6450        Data time: 0.01(0.01)  Forward time: 0.31(0.30)  Batch time: 0.32(0.31)
2025-03-14 15:12:26,758   INFO  
2025-03-14 15:12:41,104   INFO  Train:    7/10 ( 70%) [ 927/928 (100%)]  Loss: 0.5806 (0.604)  LR: 1.501e-03  Time cost: 04:49/00:00 [32:26/14:30]  Acc_iter 6496        Data time: 0.01(0.01)  Forward time: 0.28(0.30)  Batch time: 0.29(0.31)
2025-03-14 15:12:42,679   INFO  Train:    8/10 ( 80%) [   0/928 (  0%)]  Loss: 0.4668 (0.467)  LR: 1.500e-03  Time cost: 00:00/15:05 [32:27/45:15]  Acc_iter 6497        Data time: 0.59(0.59)  Forward time: 0.37(0.37)  Batch time: 0.96(0.96)
2025-03-14 15:12:43,840   INFO  Train:    8/10 ( 80%) [   3/928 (  0%)]  Loss: 0.5938 (0.560)  LR: 1.497e-03  Time cost: 00:02/08:14 [32:28/24:46]  Acc_iter 6500        Data time: 0.01(0.16)  Forward time: 0.34(0.38)  Batch time: 0.36(0.53)
2025-03-14 15:12:59,178   INFO  Train:    8/10 ( 80%) [  53/928 (  6%)]  Loss: 0.4783 (0.561)  LR: 1.455e-03  Time cost: 00:17/04:43 [32:44/14:43]  Acc_iter 6550        Data time: 0.01(0.02)  Forward time: 0.29(0.30)  Batch time: 0.30(0.32)
2025-03-14 15:13:14,441   INFO  Train:    8/10 ( 80%) [ 103/928 ( 11%)]  Loss: 0.5575 (0.560)  LR: 1.413e-03  Time cost: 00:32/04:19 [32:59/14:03]  Acc_iter 6600        Data time: 0.01(0.02)  Forward time: 0.34(0.30)  Batch time: 0.35(0.31)
2025-03-14 15:13:14,444   INFO  
2025-03-14 15:13:30,395   INFO  Train:    8/10 ( 80%) [ 153/928 ( 16%)]  Loss: 0.5993 (0.558)  LR: 1.371e-03  Time cost: 00:48/04:05 [33:15/13:51]  Acc_iter 6650        Data time: 0.01(0.02)  Forward time: 0.32(0.30)  Batch time: 0.33(0.32)
2025-03-14 15:13:46,212   INFO  Train:    8/10 ( 80%) [ 203/928 ( 22%)]  Loss: 0.4854 (0.558)  LR: 1.329e-03  Time cost: 01:04/03:49 [33:31/13:36]  Acc_iter 6700        Data time: 0.01(0.02)  Forward time: 0.28(0.30)  Batch time: 0.29(0.32)
2025-03-14 15:14:01,593   INFO  Train:    8/10 ( 80%) [ 253/928 ( 27%)]  Loss: 0.6091 (0.561)  LR: 1.287e-03  Time cost: 01:19/03:32 [33:46/13:16]  Acc_iter 6750        Data time: 0.02(0.02)  Forward time: 0.29(0.30)  Batch time: 0.31(0.31)
2025-03-14 15:14:01,595   INFO  
2025-03-14 15:14:16,660   INFO  Train:    8/10 ( 80%) [ 303/928 ( 33%)]  Loss: 0.5694 (0.560)  LR: 1.245e-03  Time cost: 01:34/03:15 [34:01/12:54]  Acc_iter 6800        Data time: 0.01(0.02)  Forward time: 0.29(0.30)  Batch time: 0.30(0.31)
2025-03-14 15:14:31,465   INFO  Train:    8/10 ( 80%) [ 353/928 ( 38%)]  Loss: 0.5406 (0.562)  LR: 1.203e-03  Time cost: 01:49/02:58 [34:16/12:33]  Acc_iter 6850        Data time: 0.02(0.02)  Forward time: 0.28(0.29)  Batch time: 0.30(0.31)
2025-03-14 15:14:46,629   INFO  Train:    8/10 ( 80%) [ 403/928 ( 43%)]  Loss: 0.6632 (0.561)  LR: 1.162e-03  Time cost: 02:04/02:42 [34:31/12:16]  Acc_iter 6900        Data time: 0.02(0.02)  Forward time: 0.29(0.29)  Batch time: 0.31(0.31)
2025-03-14 15:14:46,631   INFO  
2025-03-14 15:15:01,617   INFO  Train:    8/10 ( 80%) [ 453/928 ( 49%)]  Loss: 0.5242 (0.559)  LR: 1.121e-03  Time cost: 02:19/02:26 [34:46/11:58]  Acc_iter 6950        Data time: 0.02(0.02)  Forward time: 0.31(0.29)  Batch time: 0.32(0.31)
2025-03-14 15:15:16,231   INFO  Train:    8/10 ( 80%) [ 503/928 ( 54%)]  Loss: 0.5200 (0.559)  LR: 1.080e-03  Time cost: 02:34/02:10 [35:01/11:39]  Acc_iter 7000        Data time: 0.01(0.01)  Forward time: 0.26(0.29)  Batch time: 0.27(0.31)
2025-03-14 15:15:30,428   INFO  Train:    8/10 ( 80%) [ 553/928 ( 60%)]  Loss: 0.5417 (0.559)  LR: 1.040e-03  Time cost: 02:48/01:54 [35:15/11:19]  Acc_iter 7050        Data time: 0.01(0.01)  Forward time: 0.27(0.29)  Batch time: 0.28(0.30)
2025-03-14 15:15:30,430   INFO  
2025-03-14 15:15:44,695   INFO  Train:    8/10 ( 80%) [ 603/928 ( 65%)]  Loss: 0.5158 (0.558)  LR: 9.995e-04  Time cost: 03:02/01:38 [35:29/11:00]  Acc_iter 7100        Data time: 0.01(0.01)  Forward time: 0.27(0.29)  Batch time: 0.28(0.30)
2025-03-14 15:15:58,863   INFO  Train:    8/10 ( 80%) [ 653/928 ( 70%)]  Loss: 0.5602 (0.557)  LR: 9.598e-04  Time cost: 03:17/01:22 [35:43/10:42]  Acc_iter 7150        Data time: 0.01(0.01)  Forward time: 0.27(0.29)  Batch time: 0.28(0.30)
2025-03-14 15:16:13,047   INFO  Train:    8/10 ( 80%) [ 703/928 ( 76%)]  Loss: 0.5828 (0.557)  LR: 9.205e-04  Time cost: 03:31/01:07 [35:57/10:24]  Acc_iter 7200        Data time: 0.02(0.01)  Forward time: 0.26(0.29)  Batch time: 0.28(0.30)
2025-03-14 15:16:13,049   INFO  
2025-03-14 15:16:27,221   INFO  Train:    8/10 ( 80%) [ 753/928 ( 81%)]  Loss: 0.5921 (0.556)  LR: 8.817e-04  Time cost: 03:45/00:52 [36:12/10:07]  Acc_iter 7250        Data time: 0.01(0.01)  Forward time: 0.27(0.28)  Batch time: 0.28(0.30)
2025-03-14 15:16:41,463   INFO  Train:    8/10 ( 80%) [ 803/928 ( 87%)]  Loss: 0.4655 (0.554)  LR: 8.434e-04  Time cost: 03:59/00:37 [36:26/09:50]  Acc_iter 7300        Data time: 0.02(0.01)  Forward time: 0.27(0.28)  Batch time: 0.29(0.30)
2025-03-14 15:16:55,739   INFO  Train:    8/10 ( 80%) [ 853/928 ( 92%)]  Loss: 0.5049 (0.553)  LR: 8.056e-04  Time cost: 04:14/00:22 [36:40/09:34]  Acc_iter 7350        Data time: 0.01(0.01)  Forward time: 0.27(0.28)  Batch time: 0.28(0.30)
2025-03-14 15:16:55,741   INFO  
2025-03-14 15:17:10,915   INFO  Train:    8/10 ( 80%) [ 903/928 ( 97%)]  Loss: 0.4886 (0.552)  LR: 7.684e-04  Time cost: 04:29/00:07 [36:55/09:20]  Acc_iter 7400        Data time: 0.02(0.01)  Forward time: 0.30(0.28)  Batch time: 0.32(0.30)
2025-03-14 15:17:18,457   INFO  Train:    8/10 ( 80%) [ 927/928 (100%)]  Loss: 0.5533 (0.552)  LR: 7.508e-04  Time cost: 04:36/00:00 [37:03/09:13]  Acc_iter 7424        Data time: 0.02(0.01)  Forward time: 0.29(0.28)  Batch time: 0.31(0.30)
2025-03-14 15:17:19,790   INFO  Train:    9/10 ( 90%) [   0/928 (  0%)]  Loss: 0.5729 (0.573)  LR: 7.500e-04  Time cost: 00:00/12:47 [37:04/25:34]  Acc_iter 7425        Data time: 0.48(0.48)  Forward time: 0.34(0.34)  Batch time: 0.81(0.81)
2025-03-14 15:17:27,777   INFO  Train:    9/10 ( 90%) [  25/928 (  3%)]  Loss: 0.5195 (0.536)  LR: 7.318e-04  Time cost: 00:08/05:06 [37:12/10:20]  Acc_iter 7450        Data time: 0.02(0.04)  Forward time: 0.29(0.30)  Batch time: 0.31(0.34)
2025-03-14 15:17:43,661   INFO  Train:    9/10 ( 90%) [  75/928 (  8%)]  Loss: 0.4631 (0.535)  LR: 6.957e-04  Time cost: 00:24/04:37 [37:28/09:38]  Acc_iter 7500        Data time: 0.02(0.02)  Forward time: 0.30(0.30)  Batch time: 0.31(0.32)
2025-03-14 15:17:43,664   INFO  
2025-03-14 15:17:59,603   INFO  Train:    9/10 ( 90%) [ 125/928 ( 13%)]  Loss: 0.5535 (0.529)  LR: 6.603e-04  Time cost: 00:40/04:18 [37:44/09:18]  Acc_iter 7550        Data time: 0.02(0.02)  Forward time: 0.29(0.30)  Batch time: 0.31(0.32)
2025-03-14 15:18:15,481   INFO  Train:    9/10 ( 90%) [ 175/928 ( 19%)]  Loss: 0.5842 (0.528)  LR: 6.256e-04  Time cost: 00:56/04:01 [38:00/08:59]  Acc_iter 7600        Data time: 0.02(0.02)  Forward time: 0.29(0.30)  Batch time: 0.31(0.32)
2025-03-14 15:18:31,308   INFO  Train:    9/10 ( 90%) [ 225/928 ( 24%)]  Loss: 0.4913 (0.526)  LR: 5.916e-04  Time cost: 01:12/03:45 [38:16/08:42]  Acc_iter 7650        Data time: 0.02(0.02)  Forward time: 0.29(0.30)  Batch time: 0.31(0.32)
2025-03-14 15:18:31,310   INFO  
2025-03-14 15:18:47,107   INFO  Train:    9/10 ( 90%) [ 275/928 ( 30%)]  Loss: 0.5793 (0.525)  LR: 5.583e-04  Time cost: 01:28/03:28 [38:32/08:24]  Acc_iter 7700        Data time: 0.02(0.02)  Forward time: 0.30(0.30)  Batch time: 0.32(0.32)
2025-03-14 15:19:02,785   INFO  Train:    9/10 ( 90%) [ 325/928 ( 35%)]  Loss: 0.4964 (0.525)  LR: 5.257e-04  Time cost: 01:43/03:12 [38:47/08:07]  Acc_iter 7750        Data time: 0.02(0.02)  Forward time: 0.28(0.30)  Batch time: 0.30(0.32)
2025-03-14 15:19:18,847   INFO  Train:    9/10 ( 90%) [ 375/928 ( 40%)]  Loss: 0.4981 (0.524)  LR: 4.939e-04  Time cost: 01:59/02:56 [39:03/07:52]  Acc_iter 7800        Data time: 0.01(0.02)  Forward time: 0.30(0.30)  Batch time: 0.31(0.32)
2025-03-14 15:19:18,849   INFO  
2025-03-14 15:19:33,358   INFO  Train:    9/10 ( 90%) [ 425/928 ( 46%)]  Loss: 0.4762 (0.525)  LR: 4.630e-04  Time cost: 02:14/02:38 [39:18/07:31]  Acc_iter 7850        Data time: 0.02(0.02)  Forward time: 0.28(0.30)  Batch time: 0.30(0.32)
2025-03-14 15:19:47,675   INFO  Train:    9/10 ( 90%) [ 475/928 ( 51%)]  Loss: 0.4819 (0.523)  LR: 4.328e-04  Time cost: 02:28/02:21 [39:32/07:11]  Acc_iter 7900        Data time: 0.01(0.02)  Forward time: 0.27(0.29)  Batch time: 0.28(0.31)
2025-03-14 15:20:02,002   INFO  Train:    9/10 ( 90%) [ 525/928 ( 57%)]  Loss: 0.4404 (0.523)  LR: 4.035e-04  Time cost: 02:43/02:04 [39:46/06:52]  Acc_iter 7950        Data time: 0.01(0.02)  Forward time: 0.27(0.29)  Batch time: 0.29(0.31)
2025-03-14 15:20:02,004   INFO  
2025-03-14 15:20:16,305   INFO  Train:    9/10 ( 90%) [ 575/928 ( 62%)]  Loss: 0.5802 (0.521)  LR: 3.751e-04  Time cost: 02:57/01:48 [40:01/06:34]  Acc_iter 8000        Data time: 0.01(0.02)  Forward time: 0.27(0.29)  Batch time: 0.28(0.31)
2025-03-14 15:20:30,539   INFO  Train:    9/10 ( 90%) [ 625/928 ( 67%)]  Loss: 0.4538 (0.520)  LR: 3.475e-04  Time cost: 03:11/01:32 [40:15/06:16]  Acc_iter 8050        Data time: 0.02(0.02)  Forward time: 0.27(0.29)  Batch time: 0.28(0.31)
2025-03-14 15:20:44,831   INFO  Train:    9/10 ( 90%) [ 675/928 ( 73%)]  Loss: 0.4039 (0.518)  LR: 3.209e-04  Time cost: 03:25/01:17 [40:29/05:59]  Acc_iter 8100        Data time: 0.01(0.02)  Forward time: 0.27(0.29)  Batch time: 0.29(0.30)
2025-03-14 15:20:44,833   INFO  
2025-03-14 15:20:59,220   INFO  Train:    9/10 ( 90%) [ 725/928 ( 78%)]  Loss: 0.5330 (0.518)  LR: 2.952e-04  Time cost: 03:40/01:01 [40:44/05:43]  Acc_iter 8150        Data time: 0.02(0.02)  Forward time: 0.27(0.29)  Batch time: 0.29(0.30)
2025-03-14 15:21:13,497   INFO  Train:    9/10 ( 90%) [ 775/928 ( 84%)]  Loss: 0.4738 (0.518)  LR: 2.705e-04  Time cost: 03:54/00:46 [40:58/05:26]  Acc_iter 8200        Data time: 0.02(0.02)  Forward time: 0.28(0.29)  Batch time: 0.29(0.30)
2025-03-14 15:21:27,784   INFO  Train:    9/10 ( 90%) [ 825/928 ( 89%)]  Loss: 0.5216 (0.517)  LR: 2.467e-04  Time cost: 04:08/00:31 [41:12/05:10]  Acc_iter 8250        Data time: 0.01(0.02)  Forward time: 0.27(0.29)  Batch time: 0.29(0.30)
2025-03-14 15:21:27,786   INFO  
2025-03-14 15:21:42,089   INFO  Train:    9/10 ( 90%) [ 875/928 ( 94%)]  Loss: 0.5366 (0.516)  LR: 2.240e-04  Time cost: 04:23/00:15 [41:27/04:54]  Acc_iter 8300        Data time: 0.02(0.02)  Forward time: 0.27(0.28)  Batch time: 0.29(0.30)
2025-03-14 15:21:56,317   INFO  Train:    9/10 ( 90%) [ 925/928 (100%)]  Loss: 0.4967 (0.516)  LR: 2.023e-04  Time cost: 04:37/00:00 [41:41/04:38]  Acc_iter 8350        Data time: 0.02(0.02)  Forward time: 0.26(0.28)  Batch time: 0.28(0.30)
2025-03-14 15:21:56,873   INFO  Train:    9/10 ( 90%) [ 927/928 (100%)]  Loss: 0.4787 (0.516)  LR: 2.014e-04  Time cost: 04:37/00:00 [41:41/04:38]  Acc_iter 8352        Data time: 0.01(0.02)  Forward time: 0.26(0.28)  Batch time: 0.28(0.30)
2025-03-14 15:21:58,343   INFO  Train:   10/10 (100%) [   0/928 (  0%)]  Loss: 0.4611 (0.461)  LR: 2.010e-04  Time cost: 00:00/14:27 [41:43/14:27]  Acc_iter 8353        Data time: 0.63(0.63)  Forward time: 0.30(0.30)  Batch time: 0.93(0.93)
2025-03-14 15:22:11,888   INFO  Train:   10/10 (100%) [  47/928 (  5%)]  Loss: 0.5869 (0.487)  LR: 1.816e-04  Time cost: 00:14/04:25 [41:56/04:25]  Acc_iter 8400        Data time: 0.01(0.03)  Forward time: 0.27(0.27)  Batch time: 0.29(0.30)
2025-03-14 15:22:11,890   INFO  
2025-03-14 15:22:26,204   INFO  Train:   10/10 (100%) [  97/928 ( 10%)]  Loss: 0.6712 (0.492)  LR: 1.619e-04  Time cost: 00:28/04:04 [42:11/04:04]  Acc_iter 8450        Data time: 0.01(0.02)  Forward time: 0.28(0.27)  Batch time: 0.29(0.29)
2025-03-14 15:22:40,633   INFO  Train:   10/10 (100%) [ 147/928 ( 16%)]  Loss: 0.4688 (0.490)  LR: 1.433e-04  Time cost: 00:43/03:48 [42:25/03:48]  Acc_iter 8500        Data time: 0.01(0.02)  Forward time: 0.33(0.27)  Batch time: 0.35(0.29)
2025-03-14 15:22:54,926   INFO  Train:   10/10 (100%) [ 197/928 ( 21%)]  Loss: 0.4891 (0.495)  LR: 1.258e-04  Time cost: 00:57/03:32 [42:39/03:32]  Acc_iter 8550        Data time: 0.02(0.02)  Forward time: 0.29(0.27)  Batch time: 0.30(0.29)
2025-03-14 15:22:54,928   INFO  
2025-03-14 15:23:09,025   INFO  Train:   10/10 (100%) [ 247/928 ( 27%)]  Loss: 0.4880 (0.494)  LR: 1.094e-04  Time cost: 01:11/03:16 [42:53/03:16]  Acc_iter 8600        Data time: 0.02(0.02)  Forward time: 0.27(0.27)  Batch time: 0.29(0.29)
2025-03-14 15:23:23,269   INFO  Train:   10/10 (100%) [ 297/928 ( 32%)]  Loss: 0.5567 (0.495)  LR: 9.409e-05  Time cost: 01:25/03:01 [43:08/03:01]  Acc_iter 8650        Data time: 0.02(0.02)  Forward time: 0.26(0.27)  Batch time: 0.28(0.29)
2025-03-14 15:23:37,359   INFO  Train:   10/10 (100%) [ 347/928 ( 37%)]  Loss: 0.4736 (0.495)  LR: 7.991e-05  Time cost: 01:39/02:46 [43:22/02:46]  Acc_iter 8700        Data time: 0.01(0.02)  Forward time: 0.26(0.27)  Batch time: 0.28(0.29)
2025-03-14 15:23:37,361   INFO  
2025-03-14 15:23:51,633   INFO  Train:   10/10 (100%) [ 397/928 ( 43%)]  Loss: 0.4990 (0.496)  LR: 6.685e-05  Time cost: 01:54/02:32 [43:36/02:32]  Acc_iter 8750        Data time: 0.01(0.02)  Forward time: 0.28(0.27)  Batch time: 0.29(0.29)
2025-03-14 15:24:05,840   INFO  Train:   10/10 (100%) [ 447/928 ( 48%)]  Loss: 0.5834 (0.497)  LR: 5.493e-05  Time cost: 02:08/02:17 [43:50/02:17]  Acc_iter 8800        Data time: 0.01(0.02)  Forward time: 0.27(0.27)  Batch time: 0.28(0.29)
2025-03-14 15:24:20,071   INFO  Train:   10/10 (100%) [ 497/928 ( 54%)]  Loss: 0.5153 (0.496)  LR: 4.416e-05  Time cost: 02:22/02:03 [44:05/02:03]  Acc_iter 8850        Data time: 0.01(0.02)  Forward time: 0.28(0.27)  Batch time: 0.29(0.29)
2025-03-14 15:24:20,073   INFO  
2025-03-14 15:24:34,288   INFO  Train:   10/10 (100%) [ 547/928 ( 59%)]  Loss: 0.4671 (0.497)  LR: 3.456e-05  Time cost: 02:36/01:49 [44:19/01:49]  Acc_iter 8900        Data time: 0.02(0.02)  Forward time: 0.28(0.27)  Batch time: 0.29(0.29)
2025-03-14 15:24:48,461   INFO  Train:   10/10 (100%) [ 597/928 ( 64%)]  Loss: 0.6039 (0.497)  LR: 2.611e-05  Time cost: 02:51/01:34 [44:33/01:34]  Acc_iter 8950        Data time: 0.02(0.02)  Forward time: 0.26(0.27)  Batch time: 0.28(0.29)
2025-03-14 15:25:02,649   INFO  Train:   10/10 (100%) [ 647/928 ( 70%)]  Loss: 0.4917 (0.496)  LR: 1.884e-05  Time cost: 03:05/01:20 [44:47/01:20]  Acc_iter 9000        Data time: 0.02(0.02)  Forward time: 0.27(0.27)  Batch time: 0.29(0.29)
2025-03-14 15:25:02,651   INFO  
2025-03-14 15:25:16,824   INFO  Train:   10/10 (100%) [ 697/928 ( 75%)]  Loss: 0.4445 (0.496)  LR: 1.275e-05  Time cost: 03:19/01:05 [45:01/01:05]  Acc_iter 9050        Data time: 0.01(0.02)  Forward time: 0.27(0.27)  Batch time: 0.28(0.29)
2025-03-14 15:25:30,956   INFO  Train:   10/10 (100%) [ 747/928 ( 80%)]  Loss: 0.4237 (0.497)  LR: 7.845e-06  Time cost: 03:33/00:51 [45:15/00:51]  Acc_iter 9100        Data time: 0.01(0.02)  Forward time: 0.28(0.27)  Batch time: 0.29(0.29)
2025-03-14 15:25:45,049   INFO  Train:   10/10 (100%) [ 797/928 ( 86%)]  Loss: 0.4043 (0.497)  LR: 4.125e-06  Time cost: 03:47/00:37 [45:29/00:37]  Acc_iter 9150        Data time: 0.01(0.01)  Forward time: 0.27(0.27)  Batch time: 0.28(0.29)
2025-03-14 15:25:45,052   INFO  
2025-03-14 15:25:59,289   INFO  Train:   10/10 (100%) [ 847/928 ( 91%)]  Loss: 0.5002 (0.497)  LR: 1.596e-06  Time cost: 04:01/00:23 [45:44/00:23]  Acc_iter 9200        Data time: 0.01(0.01)  Forward time: 0.27(0.27)  Batch time: 0.28(0.29)
2025-03-14 15:26:13,596   INFO  Train:   10/10 (100%) [ 897/928 ( 97%)]  Loss: 0.4547 (0.497)  LR: 2.594e-07  Time cost: 04:16/00:08 [45:58/00:08]  Acc_iter 9250        Data time: 0.02(0.01)  Forward time: 0.27(0.27)  Batch time: 0.29(0.29)
2025-03-14 15:26:22,005   INFO  Train:   10/10 (100%) [ 927/928 (100%)]  Loss: 0.5027 (0.498)  LR: 3.024e-08  Time cost: 04:24/00:00 [46:06/00:00]  Acc_iter 9280        Data time: 0.01(0.01)  Forward time: 0.26(0.27)  Batch time: 0.27(0.29)
2025-03-14 15:26:22,540   INFO  **********************End training kitti_models/pointpillar(default)**********************



2025-03-14 15:26:22,540   INFO  **********************Start evaluation kitti_models/pointpillar(default)**********************
2025-03-14 15:26:22,550   INFO  Loading KITTI dataset
2025-03-14 15:26:22,864   INFO  Total samples for KITTI dataset: 3769
2025-03-14 15:26:22,898   INFO  ==> Loading parameters from checkpoint /mnt/e/Projects/pycharm/zhongkeyuan/OpenPCDet-master/output/kitti_models/pointpillar/default/ckpt/checkpoint_epoch_10.pth to GPU
2025-03-14 15:26:23,302   INFO  ==> Checkpoint trained from version: pcdet+0.6.0+0000000
2025-03-14 15:26:23,306   INFO  ==> Done (loaded 127/127)
2025-03-14 15:26:23,311   INFO  *************** EPOCH 10 EVALUATION *****************
2025-03-14 15:28:09,703   INFO  *************** Performance of EPOCH 10 *****************
2025-03-14 15:28:09,704   INFO  Generate label finished(sec_per_example: 0.0282 second).
2025-03-14 15:28:09,705   INFO  recall_roi_0.3: 0.000000
2025-03-14 15:28:09,705   INFO  recall_rcnn_0.3: 0.927099
2025-03-14 15:28:09,705   INFO  recall_roi_0.5: 0.000000
2025-03-14 15:28:09,706   INFO  recall_rcnn_0.5: 0.851578
2025-03-14 15:28:09,706   INFO  recall_roi_0.7: 0.000000
2025-03-14 15:28:09,706   INFO  recall_rcnn_0.7: 0.580761
2025-03-14 15:28:09,709   INFO  Average predicted number of objects(3769 samples): 27.543
2025-03-14 15:28:27,859   INFO  Car AP@0.70, 0.70, 0.70:
bbox AP:90.5475, 87.6951, 83.4463
bev  AP:89.9996, 82.7033, 82.6487
3d   AP:84.9292, 71.1035, 68.0291
aos  AP:90.43, 87.36, 82.98
Car AP_R40@0.70, 0.70, 0.70:
bbox AP:95.1429, 88.4062, 85.8842
bev  AP:93.0615, 85.6199, 84.3918
3d   AP:86.1789, 72.6259, 69.1521
aos  AP:95.01, 88.07, 85.37
Car AP@0.70, 0.50, 0.50:
bbox AP:90.5475, 87.6951, 83.4463
bev  AP:90.6776, 89.4918, 88.8412
3d   AP:90.6742, 89.2843, 88.4739
aos  AP:90.43, 87.36, 82.98
Car AP_R40@0.70, 0.50, 0.50:
bbox AP:95.1429, 88.4062, 85.8842
bev  AP:95.3656, 93.5470, 91.2482
3d   AP:95.3369, 91.5552, 90.6920
aos  AP:95.01, 88.07, 85.37
Pedestrian AP@0.50, 0.50, 0.50:
bbox AP:56.0940, 52.6420, 49.6524
bev  AP:51.6326, 45.6645, 42.5247
3d   AP:45.2976, 40.5602, 36.1480
aos  AP:33.08, 30.40, 29.02
Pedestrian AP_R40@0.50, 0.50, 0.50:
bbox AP:55.9038, 51.1901, 48.3482
bev  AP:50.4917, 44.0635, 40.4318
3d   AP:43.9709, 37.6624, 33.4939
aos  AP:32.51, 29.58, 28.04
Pedestrian AP@0.50, 0.25, 0.25:
bbox AP:56.0940, 52.6420, 49.6524
bev  AP:62.1169, 57.6940, 54.8260
3d   AP:62.0622, 57.5191, 54.5094
aos  AP:33.08, 30.40, 29.02
Pedestrian AP_R40@0.50, 0.25, 0.25:
bbox AP:55.9038, 51.1901, 48.3482
bev  AP:61.8779, 56.9957, 53.9616
3d   AP:61.8118, 56.7282, 53.5708
aos  AP:32.51, 29.58, 28.04
Cyclist AP@0.50, 0.50, 0.50:
bbox AP:83.6229, 68.8463, 65.1536
bev  AP:80.4953, 62.6447, 58.8971
3d   AP:74.6716, 58.2062, 54.6772
aos  AP:83.17, 66.53, 62.63
Cyclist AP_R40@0.50, 0.50, 0.50:
bbox AP:86.1543, 69.6952, 65.4885
bev  AP:82.5103, 62.7026, 58.3991
3d   AP:76.2840, 57.4924, 53.5326
aos  AP:85.61, 67.05, 62.74
Cyclist AP@0.50, 0.25, 0.25:
bbox AP:83.6229, 68.8463, 65.1536
bev  AP:82.9530, 66.6172, 62.8984
3d   AP:82.9530, 66.6172, 62.8984
aos  AP:83.17, 66.53, 62.63
Cyclist AP_R40@0.50, 0.25, 0.25:
bbox AP:86.1543, 69.6952, 65.4885
bev  AP:85.5301, 67.3092, 63.2262
3d   AP:85.5301, 67.3092, 63.2262
aos  AP:85.61, 67.05, 62.74

2025-03-14 15:28:27,867   INFO  Result is saved to /mnt/e/Projects/pycharm/zhongkeyuan/OpenPCDet-master/output/kitti_models/pointpillar/default/eval/eval_with_train/epoch_10/val
2025-03-14 15:28:27,867   INFO  ****************Evaluation done.*****************
2025-03-14 15:28:27,895   INFO  Epoch 10 has been evaluated
2025-03-14 15:28:57,910   INFO  **********************End evaluation kitti_models/pointpillar(default)**********************
