2025-03-16 08:40:11,553   INFO  **********************Start logging**********************
2025-03-16 08:40:11,553   INFO  CUDA_VISIBLE_DEVICES=ALL
2025-03-16 08:40:11,554   INFO  Training with a single process
2025-03-16 08:40:11,554   INFO  cfg_file         tools/cfgs/kitti_models/pv_rcnn.yaml
2025-03-16 08:40:11,554   INFO  batch_size       2
2025-03-16 08:40:11,555   INFO  epochs           10
2025-03-16 08:40:11,555   INFO  workers          4
2025-03-16 08:40:11,556   INFO  extra_tag        default
2025-03-16 08:40:11,556   INFO  ckpt             None
2025-03-16 08:40:11,556   INFO  pretrained_model None
2025-03-16 08:40:11,556   INFO  launcher         none
2025-03-16 08:40:11,557   INFO  tcp_port         18888
2025-03-16 08:40:11,557   INFO  sync_bn          False
2025-03-16 08:40:11,557   INFO  fix_random_seed  False
2025-03-16 08:40:11,558   INFO  ckpt_save_interval 1
2025-03-16 08:40:11,558   INFO  local_rank       None
2025-03-16 08:40:11,558   INFO  max_ckpt_save_num 30
2025-03-16 08:40:11,558   INFO  merge_all_iters_to_one_epoch False
2025-03-16 08:40:11,559   INFO  set_cfgs         None
2025-03-16 08:40:11,559   INFO  max_waiting_mins 0
2025-03-16 08:40:11,559   INFO  start_epoch      0
2025-03-16 08:40:11,559   INFO  num_epochs_to_eval 0
2025-03-16 08:40:11,560   INFO  save_to_file     False
2025-03-16 08:40:11,560   INFO  use_tqdm_to_record False
2025-03-16 08:40:11,561   INFO  logger_iter_interval 50
2025-03-16 08:40:11,561   INFO  ckpt_save_time_interval 300
2025-03-16 08:40:11,561   INFO  wo_gpu_stat      False
2025-03-16 08:40:11,562   INFO  use_amp          False
2025-03-16 08:40:11,562   INFO  cfg.ROOT_DIR: /mnt/e/Projects/pycharm/zhongkeyuan/OpenPCDet-master
2025-03-16 08:40:11,562   INFO  cfg.LOCAL_RANK: 0
2025-03-16 08:40:11,563   INFO  cfg.CLASS_NAMES: ['Car', 'Pedestrian', 'Cyclist']
2025-03-16 08:40:11,563   INFO  ----------- DATA_CONFIG -----------
2025-03-16 08:40:11,563   INFO  cfg.DATA_CONFIG.DATASET: KittiDataset
2025-03-16 08:40:11,563   INFO  cfg.DATA_CONFIG.DATA_PATH: ../data/kitti
2025-03-16 08:40:11,564   INFO  cfg.DATA_CONFIG.POINT_CLOUD_RANGE: [0, -40, -3, 70.4, 40, 1]
2025-03-16 08:40:11,564   INFO  ----------- DATA_SPLIT -----------
2025-03-16 08:40:11,564   INFO  cfg.DATA_CONFIG.DATA_SPLIT.train: train
2025-03-16 08:40:11,564   INFO  cfg.DATA_CONFIG.DATA_SPLIT.test: val
2025-03-16 08:40:11,565   INFO  ----------- INFO_PATH -----------
2025-03-16 08:40:11,565   INFO  cfg.DATA_CONFIG.INFO_PATH.train: ['kitti_infos_train.pkl']
2025-03-16 08:40:11,565   INFO  cfg.DATA_CONFIG.INFO_PATH.test: ['kitti_infos_val.pkl']
2025-03-16 08:40:11,566   INFO  cfg.DATA_CONFIG.GET_ITEM_LIST: ['points']
2025-03-16 08:40:11,566   INFO  cfg.DATA_CONFIG.FOV_POINTS_ONLY: True
2025-03-16 08:40:11,566   INFO  ----------- DATA_AUGMENTOR -----------
2025-03-16 08:40:11,566   INFO  cfg.DATA_CONFIG.DATA_AUGMENTOR.DISABLE_AUG_LIST: ['placeholder']
2025-03-16 08:40:11,567   INFO  cfg.DATA_CONFIG.DATA_AUGMENTOR.AUG_CONFIG_LIST: [{'NAME': 'gt_sampling', 'USE_ROAD_PLANE': True, 'DB_INFO_PATH': ['kitti_dbinfos_train.pkl'], 'PREPARE': {'filter_by_min_points': ['Car:5', 'Pedestrian:5', 'Cyclist:5'], 'filter_by_difficulty': [-1]}, 'SAMPLE_GROUPS': ['Car:15', 'Pedestrian:10', 'Cyclist:10'], 'NUM_POINT_FEATURES': 4, 'DATABASE_WITH_FAKELIDAR': False, 'REMOVE_EXTRA_WIDTH': [0.0, 0.0, 0.0], 'LIMIT_WHOLE_SCENE': False}, {'NAME': 'random_world_flip', 'ALONG_AXIS_LIST': ['x']}, {'NAME': 'random_world_rotation', 'WORLD_ROT_ANGLE': [-0.78539816, 0.78539816]}, {'NAME': 'random_world_scaling', 'WORLD_SCALE_RANGE': [0.95, 1.05]}]
2025-03-16 08:40:11,567   INFO  ----------- POINT_FEATURE_ENCODING -----------
2025-03-16 08:40:11,567   INFO  cfg.DATA_CONFIG.POINT_FEATURE_ENCODING.encoding_type: absolute_coordinates_encoding
2025-03-16 08:40:11,568   INFO  cfg.DATA_CONFIG.POINT_FEATURE_ENCODING.used_feature_list: ['x', 'y', 'z', 'intensity']
2025-03-16 08:40:11,568   INFO  cfg.DATA_CONFIG.POINT_FEATURE_ENCODING.src_feature_list: ['x', 'y', 'z', 'intensity']
2025-03-16 08:40:11,568   INFO  cfg.DATA_CONFIG.DATA_PROCESSOR: [{'NAME': 'mask_points_and_boxes_outside_range', 'REMOVE_OUTSIDE_BOXES': True}, {'NAME': 'shuffle_points', 'SHUFFLE_ENABLED': {'train': True, 'test': False}}, {'NAME': 'transform_points_to_voxels', 'VOXEL_SIZE': [0.05, 0.05, 0.1], 'MAX_POINTS_PER_VOXEL': 5, 'MAX_NUMBER_OF_VOXELS': {'train': 16000, 'test': 40000}}]
2025-03-16 08:40:11,568   INFO  cfg.DATA_CONFIG._BASE_CONFIG_: tools/cfgs/dataset_configs/kitti_dataset.yaml
2025-03-16 08:40:11,569   INFO  ----------- MODEL -----------
2025-03-16 08:40:11,569   INFO  cfg.MODEL.NAME: PVRCNN
2025-03-16 08:40:11,569   INFO  ----------- VFE -----------
2025-03-16 08:40:11,569   INFO  cfg.MODEL.VFE.NAME: MeanVFE
2025-03-16 08:40:11,570   INFO  ----------- BACKBONE_3D -----------
2025-03-16 08:40:11,570   INFO  cfg.MODEL.BACKBONE_3D.NAME: VoxelBackBone8x
2025-03-16 08:40:11,570   INFO  ----------- MAP_TO_BEV -----------
2025-03-16 08:40:11,570   INFO  cfg.MODEL.MAP_TO_BEV.NAME: HeightCompression
2025-03-16 08:40:11,571   INFO  cfg.MODEL.MAP_TO_BEV.NUM_BEV_FEATURES: 256
2025-03-16 08:40:11,571   INFO  ----------- BACKBONE_2D -----------
2025-03-16 08:40:11,571   INFO  cfg.MODEL.BACKBONE_2D.NAME: BaseBEVBackbone
2025-03-16 08:40:11,571   INFO  cfg.MODEL.BACKBONE_2D.LAYER_NUMS: [5, 5]
2025-03-16 08:40:11,572   INFO  cfg.MODEL.BACKBONE_2D.LAYER_STRIDES: [1, 2]
2025-03-16 08:40:11,572   INFO  cfg.MODEL.BACKBONE_2D.NUM_FILTERS: [128, 256]
2025-03-16 08:40:11,572   INFO  cfg.MODEL.BACKBONE_2D.UPSAMPLE_STRIDES: [1, 2]
2025-03-16 08:40:11,572   INFO  cfg.MODEL.BACKBONE_2D.NUM_UPSAMPLE_FILTERS: [256, 256]
2025-03-16 08:40:11,573   INFO  ----------- DENSE_HEAD -----------
2025-03-16 08:40:11,573   INFO  cfg.MODEL.DENSE_HEAD.NAME: AnchorHeadSingle
2025-03-16 08:40:11,573   INFO  cfg.MODEL.DENSE_HEAD.CLASS_AGNOSTIC: False
2025-03-16 08:40:11,574   INFO  cfg.MODEL.DENSE_HEAD.USE_DIRECTION_CLASSIFIER: True
2025-03-16 08:40:11,574   INFO  cfg.MODEL.DENSE_HEAD.DIR_OFFSET: 0.78539
2025-03-16 08:40:11,574   INFO  cfg.MODEL.DENSE_HEAD.DIR_LIMIT_OFFSET: 0.0
2025-03-16 08:40:11,574   INFO  cfg.MODEL.DENSE_HEAD.NUM_DIR_BINS: 2
2025-03-16 08:40:11,575   INFO  cfg.MODEL.DENSE_HEAD.ANCHOR_GENERATOR_CONFIG: [{'class_name': 'Car', 'anchor_sizes': [[3.9, 1.6, 1.56]], 'anchor_rotations': [0, 1.57], 'anchor_bottom_heights': [-1.78], 'align_center': False, 'feature_map_stride': 8, 'matched_threshold': 0.6, 'unmatched_threshold': 0.45}, {'class_name': 'Pedestrian', 'anchor_sizes': [[0.8, 0.6, 1.73]], 'anchor_rotations': [0, 1.57], 'anchor_bottom_heights': [-0.6], 'align_center': False, 'feature_map_stride': 8, 'matched_threshold': 0.5, 'unmatched_threshold': 0.35}, {'class_name': 'Cyclist', 'anchor_sizes': [[1.76, 0.6, 1.73]], 'anchor_rotations': [0, 1.57], 'anchor_bottom_heights': [-0.6], 'align_center': False, 'feature_map_stride': 8, 'matched_threshold': 0.5, 'unmatched_threshold': 0.35}]
2025-03-16 08:40:11,575   INFO  ----------- TARGET_ASSIGNER_CONFIG -----------
2025-03-16 08:40:11,575   INFO  cfg.MODEL.DENSE_HEAD.TARGET_ASSIGNER_CONFIG.NAME: AxisAlignedTargetAssigner
2025-03-16 08:40:11,575   INFO  cfg.MODEL.DENSE_HEAD.TARGET_ASSIGNER_CONFIG.POS_FRACTION: -1.0
2025-03-16 08:40:11,576   INFO  cfg.MODEL.DENSE_HEAD.TARGET_ASSIGNER_CONFIG.SAMPLE_SIZE: 512
2025-03-16 08:40:11,578   INFO  cfg.MODEL.DENSE_HEAD.TARGET_ASSIGNER_CONFIG.NORM_BY_NUM_EXAMPLES: False
2025-03-16 08:40:11,579   INFO  cfg.MODEL.DENSE_HEAD.TARGET_ASSIGNER_CONFIG.MATCH_HEIGHT: False
2025-03-16 08:40:11,579   INFO  cfg.MODEL.DENSE_HEAD.TARGET_ASSIGNER_CONFIG.BOX_CODER: ResidualCoder
2025-03-16 08:40:11,579   INFO  ----------- LOSS_CONFIG -----------
2025-03-16 08:40:11,579   INFO  ----------- LOSS_WEIGHTS -----------
2025-03-16 08:40:11,580   INFO  cfg.MODEL.DENSE_HEAD.LOSS_CONFIG.LOSS_WEIGHTS.cls_weight: 1.0
2025-03-16 08:40:11,580   INFO  cfg.MODEL.DENSE_HEAD.LOSS_CONFIG.LOSS_WEIGHTS.loc_weight: 2.0
2025-03-16 08:40:11,580   INFO  cfg.MODEL.DENSE_HEAD.LOSS_CONFIG.LOSS_WEIGHTS.dir_weight: 0.2
2025-03-16 08:40:11,581   INFO  cfg.MODEL.DENSE_HEAD.LOSS_CONFIG.LOSS_WEIGHTS.code_weights: [1.0, 1.0, 1.0, 1.0, 1.0, 1.0, 1.0]
2025-03-16 08:40:11,581   INFO  ----------- PFE -----------
2025-03-16 08:40:11,581   INFO  cfg.MODEL.PFE.NAME: VoxelSetAbstraction
2025-03-16 08:40:11,581   INFO  cfg.MODEL.PFE.POINT_SOURCE: raw_points
2025-03-16 08:40:11,582   INFO  cfg.MODEL.PFE.NUM_KEYPOINTS: 2048
2025-03-16 08:40:11,582   INFO  cfg.MODEL.PFE.NUM_OUTPUT_FEATURES: 128
2025-03-16 08:40:11,582   INFO  cfg.MODEL.PFE.SAMPLE_METHOD: FPS
2025-03-16 08:40:11,582   INFO  cfg.MODEL.PFE.FEATURES_SOURCE: ['bev', 'x_conv1', 'x_conv2', 'x_conv3', 'x_conv4', 'raw_points']
2025-03-16 08:40:11,583   INFO  ----------- SA_LAYER -----------
2025-03-16 08:40:11,583   INFO  ----------- raw_points -----------
2025-03-16 08:40:11,583   INFO  cfg.MODEL.PFE.SA_LAYER.raw_points.MLPS: [[16, 16], [16, 16]]
2025-03-16 08:40:11,583   INFO  cfg.MODEL.PFE.SA_LAYER.raw_points.POOL_RADIUS: [0.4, 0.8]
2025-03-16 08:40:11,584   INFO  cfg.MODEL.PFE.SA_LAYER.raw_points.NSAMPLE: [16, 16]
2025-03-16 08:40:11,584   INFO  ----------- x_conv1 -----------
2025-03-16 08:40:11,584   INFO  cfg.MODEL.PFE.SA_LAYER.x_conv1.DOWNSAMPLE_FACTOR: 1
2025-03-16 08:40:11,585   INFO  cfg.MODEL.PFE.SA_LAYER.x_conv1.MLPS: [[16, 16], [16, 16]]
2025-03-16 08:40:11,585   INFO  cfg.MODEL.PFE.SA_LAYER.x_conv1.POOL_RADIUS: [0.4, 0.8]
2025-03-16 08:40:11,585   INFO  cfg.MODEL.PFE.SA_LAYER.x_conv1.NSAMPLE: [16, 16]
2025-03-16 08:40:11,586   INFO  ----------- x_conv2 -----------
2025-03-16 08:40:11,586   INFO  cfg.MODEL.PFE.SA_LAYER.x_conv2.DOWNSAMPLE_FACTOR: 2
2025-03-16 08:40:11,586   INFO  cfg.MODEL.PFE.SA_LAYER.x_conv2.MLPS: [[32, 32], [32, 32]]
2025-03-16 08:40:11,586   INFO  cfg.MODEL.PFE.SA_LAYER.x_conv2.POOL_RADIUS: [0.8, 1.2]
2025-03-16 08:40:11,587   INFO  cfg.MODEL.PFE.SA_LAYER.x_conv2.NSAMPLE: [16, 32]
2025-03-16 08:40:11,587   INFO  ----------- x_conv3 -----------
2025-03-16 08:40:11,587   INFO  cfg.MODEL.PFE.SA_LAYER.x_conv3.DOWNSAMPLE_FACTOR: 4
2025-03-16 08:40:11,587   INFO  cfg.MODEL.PFE.SA_LAYER.x_conv3.MLPS: [[64, 64], [64, 64]]
2025-03-16 08:40:11,588   INFO  cfg.MODEL.PFE.SA_LAYER.x_conv3.POOL_RADIUS: [1.2, 2.4]
2025-03-16 08:40:11,588   INFO  cfg.MODEL.PFE.SA_LAYER.x_conv3.NSAMPLE: [16, 32]
2025-03-16 08:40:11,588   INFO  ----------- x_conv4 -----------
2025-03-16 08:40:11,588   INFO  cfg.MODEL.PFE.SA_LAYER.x_conv4.DOWNSAMPLE_FACTOR: 8
2025-03-16 08:40:11,589   INFO  cfg.MODEL.PFE.SA_LAYER.x_conv4.MLPS: [[64, 64], [64, 64]]
2025-03-16 08:40:11,589   INFO  cfg.MODEL.PFE.SA_LAYER.x_conv4.POOL_RADIUS: [2.4, 4.8]
2025-03-16 08:40:11,589   INFO  cfg.MODEL.PFE.SA_LAYER.x_conv4.NSAMPLE: [16, 32]
2025-03-16 08:40:11,589   INFO  ----------- POINT_HEAD -----------
2025-03-16 08:40:11,590   INFO  cfg.MODEL.POINT_HEAD.NAME: PointHeadSimple
2025-03-16 08:40:11,590   INFO  cfg.MODEL.POINT_HEAD.CLS_FC: [256, 256]
2025-03-16 08:40:11,590   INFO  cfg.MODEL.POINT_HEAD.CLASS_AGNOSTIC: True
2025-03-16 08:40:11,590   INFO  cfg.MODEL.POINT_HEAD.USE_POINT_FEATURES_BEFORE_FUSION: True
2025-03-16 08:40:11,591   INFO  ----------- TARGET_CONFIG -----------
2025-03-16 08:40:11,591   INFO  cfg.MODEL.POINT_HEAD.TARGET_CONFIG.GT_EXTRA_WIDTH: [0.2, 0.2, 0.2]
2025-03-16 08:40:11,591   INFO  ----------- LOSS_CONFIG -----------
2025-03-16 08:40:11,591   INFO  cfg.MODEL.POINT_HEAD.LOSS_CONFIG.LOSS_REG: smooth-l1
2025-03-16 08:40:11,592   INFO  ----------- LOSS_WEIGHTS -----------
2025-03-16 08:40:11,592   INFO  cfg.MODEL.POINT_HEAD.LOSS_CONFIG.LOSS_WEIGHTS.point_cls_weight: 1.0
2025-03-16 08:40:11,592   INFO  ----------- ROI_HEAD -----------
2025-03-16 08:40:11,592   INFO  cfg.MODEL.ROI_HEAD.NAME: PVRCNNHead
2025-03-16 08:40:11,593   INFO  cfg.MODEL.ROI_HEAD.CLASS_AGNOSTIC: True
2025-03-16 08:40:11,593   INFO  cfg.MODEL.ROI_HEAD.SHARED_FC: [256, 256]
2025-03-16 08:40:11,593   INFO  cfg.MODEL.ROI_HEAD.CLS_FC: [256, 256]
2025-03-16 08:40:11,593   INFO  cfg.MODEL.ROI_HEAD.REG_FC: [256, 256]
2025-03-16 08:40:11,594   INFO  cfg.MODEL.ROI_HEAD.DP_RATIO: 0.3
2025-03-16 08:40:11,594   INFO  ----------- NMS_CONFIG -----------
2025-03-16 08:40:11,594   INFO  ----------- TRAIN -----------
2025-03-16 08:40:11,594   INFO  cfg.MODEL.ROI_HEAD.NMS_CONFIG.TRAIN.NMS_TYPE: nms_gpu
2025-03-16 08:40:11,595   INFO  cfg.MODEL.ROI_HEAD.NMS_CONFIG.TRAIN.MULTI_CLASSES_NMS: False
2025-03-16 08:40:11,595   INFO  cfg.MODEL.ROI_HEAD.NMS_CONFIG.TRAIN.NMS_PRE_MAXSIZE: 9000
2025-03-16 08:40:11,595   INFO  cfg.MODEL.ROI_HEAD.NMS_CONFIG.TRAIN.NMS_POST_MAXSIZE: 512
2025-03-16 08:40:11,595   INFO  cfg.MODEL.ROI_HEAD.NMS_CONFIG.TRAIN.NMS_THRESH: 0.8
2025-03-16 08:40:11,596   INFO  ----------- TEST -----------
2025-03-16 08:40:11,596   INFO  cfg.MODEL.ROI_HEAD.NMS_CONFIG.TEST.NMS_TYPE: nms_gpu
2025-03-16 08:40:11,596   INFO  cfg.MODEL.ROI_HEAD.NMS_CONFIG.TEST.MULTI_CLASSES_NMS: False
2025-03-16 08:40:11,596   INFO  cfg.MODEL.ROI_HEAD.NMS_CONFIG.TEST.NMS_PRE_MAXSIZE: 1024
2025-03-16 08:40:11,597   INFO  cfg.MODEL.ROI_HEAD.NMS_CONFIG.TEST.NMS_POST_MAXSIZE: 100
2025-03-16 08:40:11,597   INFO  cfg.MODEL.ROI_HEAD.NMS_CONFIG.TEST.NMS_THRESH: 0.7
2025-03-16 08:40:11,597   INFO  ----------- ROI_GRID_POOL -----------
2025-03-16 08:40:11,597   INFO  cfg.MODEL.ROI_HEAD.ROI_GRID_POOL.GRID_SIZE: 6
2025-03-16 08:40:11,598   INFO  cfg.MODEL.ROI_HEAD.ROI_GRID_POOL.MLPS: [[64, 64], [64, 64]]
2025-03-16 08:40:11,598   INFO  cfg.MODEL.ROI_HEAD.ROI_GRID_POOL.POOL_RADIUS: [0.8, 1.6]
2025-03-16 08:40:11,598   INFO  cfg.MODEL.ROI_HEAD.ROI_GRID_POOL.NSAMPLE: [16, 16]
2025-03-16 08:40:11,599   INFO  cfg.MODEL.ROI_HEAD.ROI_GRID_POOL.POOL_METHOD: max_pool
2025-03-16 08:40:11,599   INFO  ----------- TARGET_CONFIG -----------
2025-03-16 08:40:11,599   INFO  cfg.MODEL.ROI_HEAD.TARGET_CONFIG.BOX_CODER: ResidualCoder
2025-03-16 08:40:11,599   INFO  cfg.MODEL.ROI_HEAD.TARGET_CONFIG.ROI_PER_IMAGE: 128
2025-03-16 08:40:11,600   INFO  cfg.MODEL.ROI_HEAD.TARGET_CONFIG.FG_RATIO: 0.5
2025-03-16 08:40:11,600   INFO  cfg.MODEL.ROI_HEAD.TARGET_CONFIG.SAMPLE_ROI_BY_EACH_CLASS: True
2025-03-16 08:40:11,600   INFO  cfg.MODEL.ROI_HEAD.TARGET_CONFIG.CLS_SCORE_TYPE: roi_iou
2025-03-16 08:40:11,601   INFO  cfg.MODEL.ROI_HEAD.TARGET_CONFIG.CLS_FG_THRESH: 0.75
2025-03-16 08:40:11,601   INFO  cfg.MODEL.ROI_HEAD.TARGET_CONFIG.CLS_BG_THRESH: 0.25
2025-03-16 08:40:11,601   INFO  cfg.MODEL.ROI_HEAD.TARGET_CONFIG.CLS_BG_THRESH_LO: 0.1
2025-03-16 08:40:11,601   INFO  cfg.MODEL.ROI_HEAD.TARGET_CONFIG.HARD_BG_RATIO: 0.8
2025-03-16 08:40:11,602   INFO  cfg.MODEL.ROI_HEAD.TARGET_CONFIG.REG_FG_THRESH: 0.55
2025-03-16 08:40:11,602   INFO  ----------- LOSS_CONFIG -----------
2025-03-16 08:40:11,602   INFO  cfg.MODEL.ROI_HEAD.LOSS_CONFIG.CLS_LOSS: BinaryCrossEntropy
2025-03-16 08:40:11,602   INFO  cfg.MODEL.ROI_HEAD.LOSS_CONFIG.REG_LOSS: smooth-l1
2025-03-16 08:40:11,603   INFO  cfg.MODEL.ROI_HEAD.LOSS_CONFIG.CORNER_LOSS_REGULARIZATION: True
2025-03-16 08:40:11,603   INFO  ----------- LOSS_WEIGHTS -----------
2025-03-16 08:40:11,603   INFO  cfg.MODEL.ROI_HEAD.LOSS_CONFIG.LOSS_WEIGHTS.rcnn_cls_weight: 1.0
2025-03-16 08:40:11,604   INFO  cfg.MODEL.ROI_HEAD.LOSS_CONFIG.LOSS_WEIGHTS.rcnn_reg_weight: 1.0
2025-03-16 08:40:11,604   INFO  cfg.MODEL.ROI_HEAD.LOSS_CONFIG.LOSS_WEIGHTS.rcnn_corner_weight: 1.0
2025-03-16 08:40:11,604   INFO  cfg.MODEL.ROI_HEAD.LOSS_CONFIG.LOSS_WEIGHTS.code_weights: [1.0, 1.0, 1.0, 1.0, 1.0, 1.0, 1.0]
2025-03-16 08:40:11,604   INFO  ----------- POST_PROCESSING -----------
2025-03-16 08:40:11,605   INFO  cfg.MODEL.POST_PROCESSING.RECALL_THRESH_LIST: [0.3, 0.5, 0.7]
2025-03-16 08:40:11,605   INFO  cfg.MODEL.POST_PROCESSING.SCORE_THRESH: 0.1
2025-03-16 08:40:11,605   INFO  cfg.MODEL.POST_PROCESSING.OUTPUT_RAW_SCORE: False
2025-03-16 08:40:11,606   INFO  cfg.MODEL.POST_PROCESSING.EVAL_METRIC: kitti
2025-03-16 08:40:11,606   INFO  ----------- NMS_CONFIG -----------
2025-03-16 08:40:11,606   INFO  cfg.MODEL.POST_PROCESSING.NMS_CONFIG.MULTI_CLASSES_NMS: False
2025-03-16 08:40:11,606   INFO  cfg.MODEL.POST_PROCESSING.NMS_CONFIG.NMS_TYPE: nms_gpu
2025-03-16 08:40:11,607   INFO  cfg.MODEL.POST_PROCESSING.NMS_CONFIG.NMS_THRESH: 0.1
2025-03-16 08:40:11,607   INFO  cfg.MODEL.POST_PROCESSING.NMS_CONFIG.NMS_PRE_MAXSIZE: 4096
2025-03-16 08:40:11,607   INFO  cfg.MODEL.POST_PROCESSING.NMS_CONFIG.NMS_POST_MAXSIZE: 500
2025-03-16 08:40:11,607   INFO  ----------- OPTIMIZATION -----------
2025-03-16 08:40:11,608   INFO  cfg.OPTIMIZATION.BATCH_SIZE_PER_GPU: 2
2025-03-16 08:40:11,608   INFO  cfg.OPTIMIZATION.NUM_EPOCHS: 80
2025-03-16 08:40:11,608   INFO  cfg.OPTIMIZATION.OPTIMIZER: adam_onecycle
2025-03-16 08:40:11,608   INFO  cfg.OPTIMIZATION.LR: 0.01
2025-03-16 08:40:11,609   INFO  cfg.OPTIMIZATION.WEIGHT_DECAY: 0.01
2025-03-16 08:40:11,609   INFO  cfg.OPTIMIZATION.MOMENTUM: 0.9
2025-03-16 08:40:11,609   INFO  cfg.OPTIMIZATION.MOMS: [0.95, 0.85]
2025-03-16 08:40:11,609   INFO  cfg.OPTIMIZATION.PCT_START: 0.4
2025-03-16 08:40:11,610   INFO  cfg.OPTIMIZATION.DIV_FACTOR: 10
2025-03-16 08:40:11,610   INFO  cfg.OPTIMIZATION.DECAY_STEP_LIST: [35, 45]
2025-03-16 08:40:11,610   INFO  cfg.OPTIMIZATION.LR_DECAY: 0.1
2025-03-16 08:40:11,610   INFO  cfg.OPTIMIZATION.LR_CLIP: 1e-07
2025-03-16 08:40:11,611   INFO  cfg.OPTIMIZATION.LR_WARMUP: False
2025-03-16 08:40:11,611   INFO  cfg.OPTIMIZATION.WARMUP_EPOCH: 1
2025-03-16 08:40:11,611   INFO  cfg.OPTIMIZATION.GRAD_NORM_CLIP: 10
2025-03-16 08:40:11,611   INFO  cfg.TAG: pv_rcnn
2025-03-16 08:40:11,612   INFO  cfg.EXP_GROUP_PATH: cfgs/kitti_models
2025-03-16 08:40:11,629   INFO  ----------- Create dataloader & network & optimizer -----------
